{"/home/omori-masato/電卓/frontend/src/App.tsx": {"path":"/home/omori-masato/電卓/frontend/src/App.tsx","statementMap":{"0":{"start":{"line":10,"column":14},"end":{"line":67,"column":2}},"1":{"start":{"line":69,"column":22},"end":{"line":76,"column":1}},"2":{"start":{"line":70,"column":2},"end":{"line":75,"column":4}}},"fnMap":{"0":{"name":"(anonymous_0)","decl":{"start":{"line":69,"column":22},"end":{"line":69,"column":23}},"loc":{"start":{"line":69,"column":28},"end":{"line":76,"column":1}},"line":69}},"branchMap":{},"s":{"0":0,"1":0,"2":0},"f":{"0":0},"b":{}}
,"/home/omori-masato/電卓/frontend/src/index.tsx": {"path":"/home/omori-masato/電卓/frontend/src/index.tsx","statementMap":{"0":{"start":{"line":9,"column":18},"end":{"line":9,"column":49}},"1":{"start":{"line":10,"column":0},"end":{"line":12,"column":1}},"2":{"start":{"line":11,"column":2},"end":{"line":11,"column":44}},"3":{"start":{"line":15,"column":13},"end":{"line":15,"column":34}},"4":{"start":{"line":18,"column":0},"end":{"line":22,"column":2}}},"fnMap":{},"branchMap":{"0":{"loc":{"start":{"line":10,"column":0},"end":{"line":12,"column":1}},"type":"if","locations":[{"start":{"line":10,"column":0},"end":{"line":12,"column":1}},{"start":{},"end":{}}],"line":10}},"s":{"0":0,"1":0,"2":0,"3":0,"4":0},"f":{},"b":{"0":[0,0]}}
,"/home/omori-masato/電卓/frontend/src/components/CalculatorPanel.tsx": {"path":"/home/omori-masato/電卓/frontend/src/components/CalculatorPanel.tsx","statementMap":{"0":{"start":{"line":13,"column":28},"end":{"line":25,"column":3}},"1":{"start":{"line":13,"column":58},"end":{"line":25,"column":1}},"2":{"start":{"line":39,"column":63},"end":{"line":75,"column":1}},"3":{"start":{"line":50,"column":2},"end":{"line":74,"column":4}}},"fnMap":{"0":{"name":"(anonymous_0)","decl":{"start":{"line":13,"column":42},"end":{"line":13,"column":43}},"loc":{"start":{"line":13,"column":58},"end":{"line":25,"column":1}},"line":13},"1":{"name":"(anonymous_1)","decl":{"start":{"line":39,"column":63},"end":{"line":39,"column":64}},"loc":{"start":{"line":49,"column":6},"end":{"line":75,"column":1}},"line":49}},"branchMap":{},"s":{"0":0,"1":0,"2":0,"3":0},"f":{"0":0,"1":0},"b":{}}
,"/home/omori-masato/電卓/frontend/src/components/Display.tsx": {"path":"/home/omori-masato/電卓/frontend/src/components/Display.tsx","statementMap":{"0":{"start":{"line":8,"column":25},"end":{"line":19,"column":3}},"1":{"start":{"line":8,"column":55},"end":{"line":19,"column":1}},"2":{"start":{"line":21,"column":20},"end":{"line":31,"column":3}},"3":{"start":{"line":21,"column":55},"end":{"line":31,"column":1}},"4":{"start":{"line":37,"column":47},"end":{"line":45,"column":1}},"5":{"start":{"line":38,"column":2},"end":{"line":44,"column":4}}},"fnMap":{"0":{"name":"(anonymous_0)","decl":{"start":{"line":8,"column":39},"end":{"line":8,"column":40}},"loc":{"start":{"line":8,"column":55},"end":{"line":19,"column":1}},"line":8},"1":{"name":"(anonymous_1)","decl":{"start":{"line":21,"column":39},"end":{"line":21,"column":40}},"loc":{"start":{"line":21,"column":55},"end":{"line":31,"column":1}},"line":21},"2":{"name":"(anonymous_2)","decl":{"start":{"line":37,"column":47},"end":{"line":37,"column":48}},"loc":{"start":{"line":37,"column":62},"end":{"line":45,"column":1}},"line":37}},"branchMap":{},"s":{"0":0,"1":0,"2":0,"3":0,"4":0,"5":0},"f":{"0":0,"1":0,"2":0},"b":{}}
,"/home/omori-masato/電卓/frontend/src/components/HistoryPanel.tsx": {"path":"/home/omori-masato/電卓/frontend/src/components/HistoryPanel.tsx","statementMap":{"0":{"start":{"line":18,"column":25},"end":{"line":26,"column":3}},"1":{"start":{"line":18,"column":55},"end":{"line":26,"column":1}},"2":{"start":{"line":28,"column":22},"end":{"line":35,"column":3}},"3":{"start":{"line":28,"column":50},"end":{"line":35,"column":1}},"4":{"start":{"line":37,"column":21},"end":{"line":41,"column":3}},"5":{"start":{"line":37,"column":56},"end":{"line":41,"column":1}},"6":{"start":{"line":43,"column":22},"end":{"line":48,"column":3}},"7":{"start":{"line":43,"column":50},"end":{"line":48,"column":1}},"8":{"start":{"line":50,"column":19},"end":{"line":56,"column":3}},"9":{"start":{"line":50,"column":48},"end":{"line":56,"column":1}},"10":{"start":{"line":58,"column":20},"end":{"line":79,"column":3}},"11":{"start":{"line":58,"column":48},"end":{"line":79,"column":1}},"12":{"start":{"line":81,"column":20},"end":{"line":111,"column":2}},"13":{"start":{"line":82,"column":31},"end":{"line":82,"column":57}},"14":{"start":{"line":84,"column":25},"end":{"line":91,"column":3}},"15":{"start":{"line":85,"column":4},"end":{"line":90,"column":5}},"16":{"start":{"line":86,"column":20},"end":{"line":86,"column":37}},"17":{"start":{"line":87,"column":28},"end":{"line":87,"column":45}},"18":{"start":{"line":88,"column":28},"end":{"line":88,"column":45}},"19":{"start":{"line":89,"column":15},"end":{"line":89,"column":32}},"20":{"start":{"line":93,"column":2},"end":{"line":110,"column":4}},"21":{"start":{"line":113,"column":16},"end":{"line":121,"column":3}},"22":{"start":{"line":113,"column":51},"end":{"line":121,"column":1}},"23":{"start":{"line":123,"column":26},"end":{"line":128,"column":3}},"24":{"start":{"line":123,"column":61},"end":{"line":128,"column":1}},"25":{"start":{"line":130,"column":22},"end":{"line":135,"column":3}},"26":{"start":{"line":130,"column":57},"end":{"line":135,"column":1}},"27":{"start":{"line":137,"column":20},"end":{"line":142,"column":3}},"28":{"start":{"line":137,"column":48},"end":{"line":142,"column":1}},"29":{"start":{"line":144,"column":17},"end":{"line":182,"column":2}},"30":{"start":{"line":145,"column":31},"end":{"line":145,"column":57}},"31":{"start":{"line":147,"column":24},"end":{"line":170,"column":3}},"32":{"start":{"line":148,"column":4},"end":{"line":169,"column":5}},"33":{"start":{"line":150,"column":8},"end":{"line":153,"column":10}},"34":{"start":{"line":155,"column":8},"end":{"line":158,"column":10}},"35":{"start":{"line":160,"column":8},"end":{"line":163,"column":10}},"36":{"start":{"line":165,"column":8},"end":{"line":168,"column":10}},"37":{"start":{"line":172,"column":2},"end":{"line":181,"column":4}},"38":{"start":{"line":184,"column":17},"end":{"line":187,"column":3}},"39":{"start":{"line":184,"column":52},"end":{"line":187,"column":1}},"40":{"start":{"line":189,"column":19},"end":{"line":193,"column":3}},"41":{"start":{"line":189,"column":47},"end":{"line":193,"column":1}},"42":{"start":{"line":195,"column":18},"end":{"line":199,"column":3}},"43":{"start":{"line":195,"column":54},"end":{"line":199,"column":1}},"44":{"start":{"line":209,"column":57},"end":{"line":301,"column":1}},"45":{"start":{"line":216,"column":61},"end":{"line":221,"column":3}},"46":{"start":{"line":223,"column":23},"end":{"line":230,"column":3}},"47":{"start":{"line":224,"column":4},"end":{"line":229,"column":5}},"48":{"start":{"line":225,"column":20},"end":{"line":225,"column":32}},"49":{"start":{"line":226,"column":28},"end":{"line":226,"column":40}},"50":{"start":{"line":227,"column":28},"end":{"line":227,"column":40}},"51":{"start":{"line":228,"column":15},"end":{"line":228,"column":27}},"52":{"start":{"line":232,"column":2},"end":{"line":300,"column":4}},"53":{"start":{"line":249,"column":10},"end":{"line":256,"column":12}},"54":{"start":{"line":254,"column":27},"end":{"line":254,"column":55}},"55":{"start":{"line":269,"column":12},"end":{"line":295,"column":26}},"56":{"start":{"line":273,"column":29},"end":{"line":273,"column":53}}},"fnMap":{"0":{"name":"(anonymous_0)","decl":{"start":{"line":18,"column":39},"end":{"line":18,"column":40}},"loc":{"start":{"line":18,"column":55},"end":{"line":26,"column":1}},"line":18},"1":{"name":"(anonymous_1)","decl":{"start":{"line":28,"column":34},"end":{"line":28,"column":35}},"loc":{"start":{"line":28,"column":50},"end":{"line":35,"column":1}},"line":28},"2":{"name":"(anonymous_2)","decl":{"start":{"line":37,"column":40},"end":{"line":37,"column":41}},"loc":{"start":{"line":37,"column":56},"end":{"line":41,"column":1}},"line":37},"3":{"name":"(anonymous_3)","decl":{"start":{"line":43,"column":34},"end":{"line":43,"column":35}},"loc":{"start":{"line":43,"column":50},"end":{"line":48,"column":1}},"line":43},"4":{"name":"(anonymous_4)","decl":{"start":{"line":50,"column":32},"end":{"line":50,"column":33}},"loc":{"start":{"line":50,"column":48},"end":{"line":56,"column":1}},"line":50},"5":{"name":"(anonymous_5)","decl":{"start":{"line":58,"column":32},"end":{"line":58,"column":33}},"loc":{"start":{"line":58,"column":48},"end":{"line":79,"column":1}},"line":58},"6":{"name":"(anonymous_6)","decl":{"start":{"line":82,"column":21},"end":{"line":82,"column":22}},"loc":{"start":{"line":82,"column":31},"end":{"line":82,"column":57}},"line":82},"7":{"name":"(anonymous_7)","decl":{"start":{"line":83,"column":32},"end":{"line":83,"column":33}},"loc":{"start":{"line":83,"column":64},"end":{"line":111,"column":1}},"line":83},"8":{"name":"(anonymous_8)","decl":{"start":{"line":84,"column":25},"end":{"line":84,"column":26}},"loc":{"start":{"line":84,"column":31},"end":{"line":91,"column":3}},"line":84},"9":{"name":"(anonymous_9)","decl":{"start":{"line":113,"column":35},"end":{"line":113,"column":36}},"loc":{"start":{"line":113,"column":51},"end":{"line":121,"column":1}},"line":113},"10":{"name":"(anonymous_10)","decl":{"start":{"line":123,"column":45},"end":{"line":123,"column":46}},"loc":{"start":{"line":123,"column":61},"end":{"line":128,"column":1}},"line":123},"11":{"name":"(anonymous_11)","decl":{"start":{"line":130,"column":41},"end":{"line":130,"column":42}},"loc":{"start":{"line":130,"column":57},"end":{"line":135,"column":1}},"line":130},"12":{"name":"(anonymous_12)","decl":{"start":{"line":137,"column":32},"end":{"line":137,"column":33}},"loc":{"start":{"line":137,"column":48},"end":{"line":142,"column":1}},"line":137},"13":{"name":"(anonymous_13)","decl":{"start":{"line":145,"column":21},"end":{"line":145,"column":22}},"loc":{"start":{"line":145,"column":31},"end":{"line":145,"column":57}},"line":145},"14":{"name":"(anonymous_14)","decl":{"start":{"line":146,"column":32},"end":{"line":146,"column":33}},"loc":{"start":{"line":146,"column":64},"end":{"line":182,"column":1}},"line":146},"15":{"name":"(anonymous_15)","decl":{"start":{"line":147,"column":24},"end":{"line":147,"column":25}},"loc":{"start":{"line":147,"column":30},"end":{"line":170,"column":3}},"line":147},"16":{"name":"(anonymous_16)","decl":{"start":{"line":184,"column":36},"end":{"line":184,"column":37}},"loc":{"start":{"line":184,"column":52},"end":{"line":187,"column":1}},"line":184},"17":{"name":"(anonymous_17)","decl":{"start":{"line":189,"column":31},"end":{"line":189,"column":32}},"loc":{"start":{"line":189,"column":47},"end":{"line":193,"column":1}},"line":189},"18":{"name":"(anonymous_18)","decl":{"start":{"line":195,"column":38},"end":{"line":195,"column":39}},"loc":{"start":{"line":195,"column":54},"end":{"line":199,"column":1}},"line":195},"19":{"name":"(anonymous_19)","decl":{"start":{"line":209,"column":57},"end":{"line":209,"column":58}},"loc":{"start":{"line":215,"column":6},"end":{"line":301,"column":1}},"line":215},"20":{"name":"(anonymous_20)","decl":{"start":{"line":223,"column":23},"end":{"line":223,"column":24}},"loc":{"start":{"line":223,"column":49},"end":{"line":230,"column":3}},"line":223},"21":{"name":"(anonymous_21)","decl":{"start":{"line":248,"column":21},"end":{"line":248,"column":22}},"loc":{"start":{"line":249,"column":10},"end":{"line":256,"column":12}},"line":249},"22":{"name":"(anonymous_22)","decl":{"start":{"line":254,"column":21},"end":{"line":254,"column":22}},"loc":{"start":{"line":254,"column":27},"end":{"line":254,"column":55}},"line":254},"23":{"name":"(anonymous_23)","decl":{"start":{"line":268,"column":22},"end":{"line":268,"column":23}},"loc":{"start":{"line":269,"column":12},"end":{"line":295,"column":26}},"line":269},"24":{"name":"(anonymous_24)","decl":{"start":{"line":273,"column":23},"end":{"line":273,"column":24}},"loc":{"start":{"line":273,"column":29},"end":{"line":273,"column":53}},"line":273}},"branchMap":{"0":{"loc":{"start":{"line":85,"column":4},"end":{"line":90,"column":5}},"type":"switch","locations":[{"start":{"line":86,"column":6},"end":{"line":86,"column":37}},{"start":{"line":87,"column":6},"end":{"line":87,"column":45}},{"start":{"line":88,"column":6},"end":{"line":88,"column":45}},{"start":{"line":89,"column":6},"end":{"line":89,"column":32}}],"line":85},"1":{"loc":{"start":{"line":148,"column":4},"end":{"line":169,"column":5}},"type":"switch","locations":[{"start":{"line":149,"column":6},"end":{"line":153,"column":10}},{"start":{"line":154,"column":6},"end":{"line":158,"column":10}},{"start":{"line":159,"column":6},"end":{"line":163,"column":10}},{"start":{"line":164,"column":6},"end":{"line":168,"column":10}}],"line":148},"2":{"loc":{"start":{"line":224,"column":4},"end":{"line":229,"column":5}},"type":"switch","locations":[{"start":{"line":225,"column":6},"end":{"line":225,"column":32}},{"start":{"line":226,"column":6},"end":{"line":226,"column":40}},{"start":{"line":227,"column":6},"end":{"line":227,"column":40}},{"start":{"line":228,"column":6},"end":{"line":228,"column":27}}],"line":224},"3":{"loc":{"start":{"line":252,"column":21},"end":{"line":252,"column":75}},"type":"cond-expr","locations":[{"start":{"line":252,"column":54},"end":{"line":252,"column":62}},{"start":{"line":252,"column":65},"end":{"line":252,"column":75}}],"line":252},"4":{"loc":{"start":{"line":253,"column":19},"end":{"line":253,"column":73}},"type":"cond-expr","locations":[{"start":{"line":253,"column":52},"end":{"line":253,"column":61}},{"start":{"line":253,"column":64},"end":{"line":253,"column":73}}],"line":253},"5":{"loc":{"start":{"line":262,"column":9},"end":{"line":297,"column":9}},"type":"cond-expr","locations":[{"start":{"line":263,"column":10},"end":{"line":266,"column":23}},{"start":{"line":268,"column":10},"end":{"line":296,"column":12}}],"line":262}},"s":{"0":0,"1":0,"2":0,"3":0,"4":0,"5":0,"6":0,"7":0,"8":0,"9":0,"10":0,"11":0,"12":0,"13":0,"14":0,"15":0,"16":0,"17":0,"18":0,"19":0,"20":0,"21":0,"22":0,"23":0,"24":0,"25":0,"26":0,"27":0,"28":0,"29":0,"30":0,"31":0,"32":0,"33":0,"34":0,"35":0,"36":0,"37":0,"38":0,"39":0,"40":0,"41":0,"42":0,"43":0,"44":0,"45":0,"46":0,"47":0,"48":0,"49":0,"50":0,"51":0,"52":0,"53":0,"54":0,"55":0,"56":0},"f":{"0":0,"1":0,"2":0,"3":0,"4":0,"5":0,"6":0,"7":0,"8":0,"9":0,"10":0,"11":0,"12":0,"13":0,"14":0,"15":0,"16":0,"17":0,"18":0,"19":0,"20":0,"21":0,"22":0,"23":0,"24":0},"b":{"0":[0,0,0,0],"1":[0,0,0,0],"2":[0,0,0,0],"3":[0,0],"4":[0,0],"5":[0,0]}}
,"/home/omori-masato/電卓/frontend/src/components/NumberPad.tsx": {"path":"/home/omori-masato/電卓/frontend/src/components/NumberPad.tsx","statementMap":{"0":{"start":{"line":8,"column":19},"end":{"line":14,"column":3}},"1":{"start":{"line":8,"column":48},"end":{"line":14,"column":1}},"2":{"start":{"line":16,"column":25},"end":{"line":80,"column":2}},"3":{"start":{"line":17,"column":31},"end":{"line":17,"column":52}},"4":{"start":{"line":19,"column":26},"end":{"line":59,"column":3}},"5":{"start":{"line":20,"column":4},"end":{"line":58,"column":5}},"6":{"start":{"line":22,"column":8},"end":{"line":28,"column":10}},"7":{"start":{"line":30,"column":8},"end":{"line":36,"column":10}},"8":{"start":{"line":38,"column":8},"end":{"line":44,"column":10}},"9":{"start":{"line":46,"column":8},"end":{"line":52,"column":10}},"10":{"start":{"line":54,"column":8},"end":{"line":57,"column":10}},"11":{"start":{"line":61,"column":2},"end":{"line":79,"column":4}},"12":{"start":{"line":90,"column":51},"end":{"line":157,"column":1}},"13":{"start":{"line":97,"column":18},"end":{"line":126,"column":3}},"14":{"start":{"line":103,"column":57},"end":{"line":103,"column":75}},"15":{"start":{"line":104,"column":57},"end":{"line":104,"column":75}},"16":{"start":{"line":105,"column":57},"end":{"line":105,"column":75}},"17":{"start":{"line":106,"column":59},"end":{"line":106,"column":79}},"18":{"start":{"line":109,"column":57},"end":{"line":109,"column":75}},"19":{"start":{"line":110,"column":57},"end":{"line":110,"column":75}},"20":{"start":{"line":111,"column":57},"end":{"line":111,"column":75}},"21":{"start":{"line":112,"column":59},"end":{"line":112,"column":79}},"22":{"start":{"line":115,"column":57},"end":{"line":115,"column":75}},"23":{"start":{"line":116,"column":57},"end":{"line":116,"column":75}},"24":{"start":{"line":117,"column":57},"end":{"line":117,"column":75}},"25":{"start":{"line":118,"column":59},"end":{"line":118,"column":79}},"26":{"start":{"line":121,"column":57},"end":{"line":121,"column":75}},"27":{"start":{"line":122,"column":57},"end":{"line":122,"column":75}},"28":{"start":{"line":123,"column":59},"end":{"line":123,"column":79}},"29":{"start":{"line":128,"column":2},"end":{"line":156,"column":4}},"30":{"start":{"line":132,"column":8},"end":{"line":141,"column":15}}},"fnMap":{"0":{"name":"(anonymous_0)","decl":{"start":{"line":8,"column":32},"end":{"line":8,"column":33}},"loc":{"start":{"line":8,"column":48},"end":{"line":14,"column":1}},"line":8},"1":{"name":"(anonymous_1)","decl":{"start":{"line":17,"column":21},"end":{"line":17,"column":22}},"loc":{"start":{"line":17,"column":31},"end":{"line":17,"column":52}},"line":17},"2":{"name":"(anonymous_2)","decl":{"start":{"line":18,"column":64},"end":{"line":18,"column":65}},"loc":{"start":{"line":18,"column":91},"end":{"line":80,"column":1}},"line":18},"3":{"name":"(anonymous_3)","decl":{"start":{"line":19,"column":26},"end":{"line":19,"column":27}},"loc":{"start":{"line":19,"column":32},"end":{"line":59,"column":3}},"line":19},"4":{"name":"(anonymous_4)","decl":{"start":{"line":90,"column":51},"end":{"line":90,"column":52}},"loc":{"start":{"line":96,"column":6},"end":{"line":157,"column":1}},"line":96},"5":{"name":"(anonymous_5)","decl":{"start":{"line":103,"column":51},"end":{"line":103,"column":52}},"loc":{"start":{"line":103,"column":57},"end":{"line":103,"column":75}},"line":103},"6":{"name":"(anonymous_6)","decl":{"start":{"line":104,"column":51},"end":{"line":104,"column":52}},"loc":{"start":{"line":104,"column":57},"end":{"line":104,"column":75}},"line":104},"7":{"name":"(anonymous_7)","decl":{"start":{"line":105,"column":51},"end":{"line":105,"column":52}},"loc":{"start":{"line":105,"column":57},"end":{"line":105,"column":75}},"line":105},"8":{"name":"(anonymous_8)","decl":{"start":{"line":106,"column":53},"end":{"line":106,"column":54}},"loc":{"start":{"line":106,"column":59},"end":{"line":106,"column":79}},"line":106},"9":{"name":"(anonymous_9)","decl":{"start":{"line":109,"column":51},"end":{"line":109,"column":52}},"loc":{"start":{"line":109,"column":57},"end":{"line":109,"column":75}},"line":109},"10":{"name":"(anonymous_10)","decl":{"start":{"line":110,"column":51},"end":{"line":110,"column":52}},"loc":{"start":{"line":110,"column":57},"end":{"line":110,"column":75}},"line":110},"11":{"name":"(anonymous_11)","decl":{"start":{"line":111,"column":51},"end":{"line":111,"column":52}},"loc":{"start":{"line":111,"column":57},"end":{"line":111,"column":75}},"line":111},"12":{"name":"(anonymous_12)","decl":{"start":{"line":112,"column":53},"end":{"line":112,"column":54}},"loc":{"start":{"line":112,"column":59},"end":{"line":112,"column":79}},"line":112},"13":{"name":"(anonymous_13)","decl":{"start":{"line":115,"column":51},"end":{"line":115,"column":52}},"loc":{"start":{"line":115,"column":57},"end":{"line":115,"column":75}},"line":115},"14":{"name":"(anonymous_14)","decl":{"start":{"line":116,"column":51},"end":{"line":116,"column":52}},"loc":{"start":{"line":116,"column":57},"end":{"line":116,"column":75}},"line":116},"15":{"name":"(anonymous_15)","decl":{"start":{"line":117,"column":51},"end":{"line":117,"column":52}},"loc":{"start":{"line":117,"column":57},"end":{"line":117,"column":75}},"line":117},"16":{"name":"(anonymous_16)","decl":{"start":{"line":118,"column":53},"end":{"line":118,"column":54}},"loc":{"start":{"line":118,"column":59},"end":{"line":118,"column":79}},"line":118},"17":{"name":"(anonymous_17)","decl":{"start":{"line":121,"column":51},"end":{"line":121,"column":52}},"loc":{"start":{"line":121,"column":57},"end":{"line":121,"column":75}},"line":121},"18":{"name":"(anonymous_18)","decl":{"start":{"line":122,"column":51},"end":{"line":122,"column":52}},"loc":{"start":{"line":122,"column":57},"end":{"line":122,"column":75}},"line":122},"19":{"name":"(anonymous_19)","decl":{"start":{"line":123,"column":53},"end":{"line":123,"column":54}},"loc":{"start":{"line":123,"column":59},"end":{"line":123,"column":79}},"line":123},"20":{"name":"(anonymous_20)","decl":{"start":{"line":131,"column":19},"end":{"line":131,"column":20}},"loc":{"start":{"line":132,"column":8},"end":{"line":141,"column":15}},"line":132}},"branchMap":{"0":{"loc":{"start":{"line":20,"column":4},"end":{"line":58,"column":5}},"type":"switch","locations":[{"start":{"line":21,"column":6},"end":{"line":28,"column":10}},{"start":{"line":29,"column":6},"end":{"line":36,"column":10}},{"start":{"line":37,"column":6},"end":{"line":44,"column":10}},{"start":{"line":45,"column":6},"end":{"line":52,"column":10}},{"start":{"line":53,"column":6},"end":{"line":57,"column":10}}],"line":20}},"s":{"0":0,"1":0,"2":0,"3":0,"4":0,"5":0,"6":0,"7":0,"8":0,"9":0,"10":0,"11":0,"12":0,"13":0,"14":0,"15":0,"16":0,"17":0,"18":0,"19":0,"20":0,"21":0,"22":0,"23":0,"24":0,"25":0,"26":0,"27":0,"28":0,"29":0,"30":0},"f":{"0":0,"1":0,"2":0,"3":0,"4":0,"5":0,"6":0,"7":0,"8":0,"9":0,"10":0,"11":0,"12":0,"13":0,"14":0,"15":0,"16":0,"17":0,"18":0,"19":0,"20":0},"b":{"0":[0,0,0,0,0]}}
,"/home/omori-masato/電卓/frontend/src/components/TaxCalculationButtons.tsx": {"path":"/home/omori-masato/電卓/frontend/src/components/TaxCalculationButtons.tsx","statementMap":{"0":{"start":{"line":9,"column":21},"end":{"line":12,"column":3}},"1":{"start":{"line":9,"column":49},"end":{"line":12,"column":1}},"2":{"start":{"line":14,"column":18},"end":{"line":35,"column":3}},"3":{"start":{"line":15,"column":31},"end":{"line":15,"column":49}},"4":{"start":{"line":16,"column":68},"end":{"line":35,"column":1}},"5":{"start":{"line":41,"column":75},"end":{"line":62,"column":1}},"6":{"start":{"line":44,"column":2},"end":{"line":61,"column":4}},"7":{"start":{"line":49,"column":23},"end":{"line":49,"column":56}},"8":{"start":{"line":56,"column":23},"end":{"line":56,"column":56}}},"fnMap":{"0":{"name":"(anonymous_0)","decl":{"start":{"line":9,"column":33},"end":{"line":9,"column":34}},"loc":{"start":{"line":9,"column":49},"end":{"line":12,"column":1}},"line":9},"1":{"name":"(anonymous_1)","decl":{"start":{"line":15,"column":21},"end":{"line":15,"column":22}},"loc":{"start":{"line":15,"column":31},"end":{"line":15,"column":49}},"line":15},"2":{"name":"(anonymous_2)","decl":{"start":{"line":16,"column":43},"end":{"line":16,"column":44}},"loc":{"start":{"line":16,"column":68},"end":{"line":35,"column":1}},"line":16},"3":{"name":"(anonymous_3)","decl":{"start":{"line":41,"column":75},"end":{"line":41,"column":76}},"loc":{"start":{"line":43,"column":6},"end":{"line":62,"column":1}},"line":43},"4":{"name":"(anonymous_4)","decl":{"start":{"line":49,"column":17},"end":{"line":49,"column":18}},"loc":{"start":{"line":49,"column":23},"end":{"line":49,"column":56}},"line":49},"5":{"name":"(anonymous_5)","decl":{"start":{"line":56,"column":17},"end":{"line":56,"column":18}},"loc":{"start":{"line":56,"column":23},"end":{"line":56,"column":56}},"line":56}},"branchMap":{"0":{"loc":{"start":{"line":25,"column":19},"end":{"line":25,"column":66}},"type":"cond-expr","locations":[{"start":{"line":25,"column":45},"end":{"line":25,"column":54}},{"start":{"line":25,"column":57},"end":{"line":25,"column":66}}],"line":25},"1":{"loc":{"start":{"line":28,"column":21},"end":{"line":28,"column":68}},"type":"cond-expr","locations":[{"start":{"line":28,"column":47},"end":{"line":28,"column":56}},{"start":{"line":28,"column":59},"end":{"line":28,"column":68}}],"line":28}},"s":{"0":0,"1":0,"2":0,"3":0,"4":0,"5":0,"6":0,"7":0,"8":0},"f":{"0":0,"1":0,"2":0,"3":0,"4":0,"5":0},"b":{"0":[0,0],"1":[0,0]}}
,"/home/omori-masato/電卓/frontend/src/components/TemporarySaveButtons.tsx": {"path":"/home/omori-masato/電卓/frontend/src/components/TemporarySaveButtons.tsx","statementMap":{"0":{"start":{"line":9,"column":22},"end":{"line":13,"column":3}},"1":{"start":{"line":9,"column":50},"end":{"line":13,"column":1}},"2":{"start":{"line":15,"column":17},"end":{"line":24,"column":3}},"3":{"start":{"line":16,"column":31},"end":{"line":16,"column":50}},"4":{"start":{"line":17,"column":52},"end":{"line":24,"column":1}},"5":{"start":{"line":26,"column":18},"end":{"line":31,"column":3}},"6":{"start":{"line":26,"column":53},"end":{"line":31,"column":1}},"7":{"start":{"line":33,"column":24},"end":{"line":36,"column":3}},"8":{"start":{"line":33,"column":52},"end":{"line":36,"column":1}},"9":{"start":{"line":38,"column":19},"end":{"line":45,"column":3}},"10":{"start":{"line":38,"column":50},"end":{"line":45,"column":1}},"11":{"start":{"line":53,"column":73},"end":{"line":96,"column":1}},"12":{"start":{"line":58,"column":21},"end":{"line":88,"column":3}},"13":{"start":{"line":59,"column":18},"end":{"line":59,"column":52}},"14":{"start":{"line":60,"column":21},"end":{"line":60,"column":35}},"15":{"start":{"line":62,"column":4},"end":{"line":87,"column":6}},"16":{"start":{"line":71,"column":27},"end":{"line":71,"column":45}},"17":{"start":{"line":79,"column":27},"end":{"line":79,"column":47}},"18":{"start":{"line":90,"column":2},"end":{"line":95,"column":4}}},"fnMap":{"0":{"name":"(anonymous_0)","decl":{"start":{"line":9,"column":34},"end":{"line":9,"column":35}},"loc":{"start":{"line":9,"column":50},"end":{"line":13,"column":1}},"line":9},"1":{"name":"(anonymous_1)","decl":{"start":{"line":16,"column":21},"end":{"line":16,"column":22}},"loc":{"start":{"line":16,"column":31},"end":{"line":16,"column":50}},"line":16},"2":{"name":"(anonymous_2)","decl":{"start":{"line":17,"column":26},"end":{"line":17,"column":27}},"loc":{"start":{"line":17,"column":52},"end":{"line":24,"column":1}},"line":17},"3":{"name":"(anonymous_3)","decl":{"start":{"line":26,"column":37},"end":{"line":26,"column":38}},"loc":{"start":{"line":26,"column":53},"end":{"line":31,"column":1}},"line":26},"4":{"name":"(anonymous_4)","decl":{"start":{"line":33,"column":36},"end":{"line":33,"column":37}},"loc":{"start":{"line":33,"column":52},"end":{"line":36,"column":1}},"line":33},"5":{"name":"(anonymous_5)","decl":{"start":{"line":38,"column":34},"end":{"line":38,"column":35}},"loc":{"start":{"line":38,"column":50},"end":{"line":45,"column":1}},"line":38},"6":{"name":"(anonymous_6)","decl":{"start":{"line":53,"column":73},"end":{"line":53,"column":74}},"loc":{"start":{"line":57,"column":6},"end":{"line":96,"column":1}},"line":57},"7":{"name":"(anonymous_7)","decl":{"start":{"line":58,"column":21},"end":{"line":58,"column":22}},"loc":{"start":{"line":58,"column":44},"end":{"line":88,"column":3}},"line":58},"8":{"name":"(anonymous_8)","decl":{"start":{"line":71,"column":21},"end":{"line":71,"column":22}},"loc":{"start":{"line":71,"column":27},"end":{"line":71,"column":45}},"line":71},"9":{"name":"(anonymous_9)","decl":{"start":{"line":79,"column":21},"end":{"line":79,"column":22}},"loc":{"start":{"line":79,"column":27},"end":{"line":79,"column":47}},"line":79}},"branchMap":{"0":{"loc":{"start":{"line":19,"column":19},"end":{"line":19,"column":51}},"type":"cond-expr","locations":[{"start":{"line":19,"column":30},"end":{"line":19,"column":39}},{"start":{"line":19,"column":42},"end":{"line":19,"column":51}}],"line":19},"1":{"loc":{"start":{"line":22,"column":10},"end":{"line":22,"column":62}},"type":"cond-expr","locations":[{"start":{"line":22,"column":21},"end":{"line":22,"column":40}},{"start":{"line":22,"column":43},"end":{"line":22,"column":62}}],"line":22},"2":{"loc":{"start":{"line":65,"column":11},"end":{"line":65,"column":50}},"type":"cond-expr","locations":[{"start":{"line":65,"column":22},"end":{"line":65,"column":44}},{"start":{"line":65,"column":47},"end":{"line":65,"column":50}}],"line":65}},"s":{"0":0,"1":0,"2":0,"3":0,"4":0,"5":0,"6":0,"7":0,"8":0,"9":0,"10":0,"11":0,"12":0,"13":0,"14":0,"15":0,"16":0,"17":0,"18":0},"f":{"0":0,"1":0,"2":0,"3":0,"4":0,"5":0,"6":0,"7":0,"8":0,"9":0},"b":{"0":[0,0],"1":[0,0],"2":[0,0]}}
,"/home/omori-masato/電卓/frontend/src/components/UnifiedCalculator.tsx": {"path":"/home/omori-masato/電卓/frontend/src/components/UnifiedCalculator.tsx","statementMap":{"0":{"start":{"line":14,"column":21},"end":{"line":19,"column":3}},"1":{"start":{"line":14,"column":49},"end":{"line":19,"column":1}},"2":{"start":{"line":21,"column":18},"end":{"line":25,"column":3}},"3":{"start":{"line":21,"column":49},"end":{"line":25,"column":1}},"4":{"start":{"line":27,"column":17},"end":{"line":32,"column":3}},"5":{"start":{"line":27,"column":52},"end":{"line":32,"column":1}},"6":{"start":{"line":34,"column":22},"end":{"line":46,"column":3}},"7":{"start":{"line":34,"column":50},"end":{"line":46,"column":1}},"8":{"start":{"line":48,"column":26},"end":{"line":55,"column":3}},"9":{"start":{"line":48,"column":54},"end":{"line":55,"column":1}},"10":{"start":{"line":57,"column":23},"end":{"line":65,"column":3}},"11":{"start":{"line":57,"column":51},"end":{"line":65,"column":1}},"12":{"start":{"line":67,"column":43},"end":{"line":172,"column":1}},"13":{"start":{"line":68,"column":29},"end":{"line":68,"column":44}},"14":{"start":{"line":69,"column":62},"end":{"line":69,"column":74}},"15":{"start":{"line":72,"column":24},"end":{"line":96,"column":15}},"16":{"start":{"line":73,"column":4},"end":{"line":73,"column":27}},"17":{"start":{"line":75,"column":16},"end":{"line":75,"column":25}},"18":{"start":{"line":77,"column":4},"end":{"line":95,"column":5}},"19":{"start":{"line":78,"column":6},"end":{"line":78,"column":31}},"20":{"start":{"line":79,"column":11},"end":{"line":95,"column":5}},"21":{"start":{"line":80,"column":6},"end":{"line":80,"column":31}},"22":{"start":{"line":81,"column":11},"end":{"line":95,"column":5}},"23":{"start":{"line":82,"column":6},"end":{"line":82,"column":33}},"24":{"start":{"line":83,"column":11},"end":{"line":95,"column":5}},"25":{"start":{"line":84,"column":6},"end":{"line":84,"column":33}},"26":{"start":{"line":85,"column":11},"end":{"line":95,"column":5}},"27":{"start":{"line":86,"column":6},"end":{"line":86,"column":33}},"28":{"start":{"line":87,"column":11},"end":{"line":95,"column":5}},"29":{"start":{"line":88,"column":6},"end":{"line":88,"column":33}},"30":{"start":{"line":89,"column":11},"end":{"line":95,"column":5}},"31":{"start":{"line":90,"column":6},"end":{"line":90,"column":31}},"32":{"start":{"line":91,"column":11},"end":{"line":95,"column":5}},"33":{"start":{"line":92,"column":6},"end":{"line":92,"column":29}},"34":{"start":{"line":93,"column":11},"end":{"line":95,"column":5}},"35":{"start":{"line":94,"column":6},"end":{"line":94,"column":31}},"36":{"start":{"line":99,"column":2},"end":{"line":104,"column":22}},"37":{"start":{"line":100,"column":4},"end":{"line":100,"column":56}},"38":{"start":{"line":101,"column":4},"end":{"line":103,"column":6}},"39":{"start":{"line":102,"column":6},"end":{"line":102,"column":61}},"40":{"start":{"line":107,"column":31},"end":{"line":113,"column":31}},"41":{"start":{"line":108,"column":4},"end":{"line":108,"column":29}},"42":{"start":{"line":110,"column":4},"end":{"line":112,"column":12}},"43":{"start":{"line":111,"column":6},"end":{"line":111,"column":38}},"44":{"start":{"line":116,"column":31},"end":{"line":122,"column":31}},"45":{"start":{"line":117,"column":4},"end":{"line":117,"column":31}},"46":{"start":{"line":119,"column":4},"end":{"line":121,"column":12}},"47":{"start":{"line":120,"column":6},"end":{"line":120,"column":38}},"48":{"start":{"line":125,"column":32},"end":{"line":129,"column":22}},"49":{"start":{"line":126,"column":4},"end":{"line":128,"column":5}},"50":{"start":{"line":127,"column":6},"end":{"line":127,"column":39}},"51":{"start":{"line":131,"column":2},"end":{"line":171,"column":4}}},"fnMap":{"0":{"name":"(anonymous_0)","decl":{"start":{"line":14,"column":33},"end":{"line":14,"column":34}},"loc":{"start":{"line":14,"column":49},"end":{"line":19,"column":1}},"line":14},"1":{"name":"(anonymous_1)","decl":{"start":{"line":21,"column":33},"end":{"line":21,"column":34}},"loc":{"start":{"line":21,"column":49},"end":{"line":25,"column":1}},"line":21},"2":{"name":"(anonymous_2)","decl":{"start":{"line":27,"column":36},"end":{"line":27,"column":37}},"loc":{"start":{"line":27,"column":52},"end":{"line":32,"column":1}},"line":27},"3":{"name":"(anonymous_3)","decl":{"start":{"line":34,"column":34},"end":{"line":34,"column":35}},"loc":{"start":{"line":34,"column":50},"end":{"line":46,"column":1}},"line":34},"4":{"name":"(anonymous_4)","decl":{"start":{"line":48,"column":38},"end":{"line":48,"column":39}},"loc":{"start":{"line":48,"column":54},"end":{"line":55,"column":1}},"line":48},"5":{"name":"(anonymous_5)","decl":{"start":{"line":57,"column":35},"end":{"line":57,"column":36}},"loc":{"start":{"line":57,"column":51},"end":{"line":65,"column":1}},"line":57},"6":{"name":"(anonymous_6)","decl":{"start":{"line":67,"column":43},"end":{"line":67,"column":44}},"loc":{"start":{"line":67,"column":49},"end":{"line":172,"column":1}},"line":67},"7":{"name":"(anonymous_7)","decl":{"start":{"line":72,"column":36},"end":{"line":72,"column":37}},"loc":{"start":{"line":72,"column":62},"end":{"line":96,"column":3}},"line":72},"8":{"name":"(anonymous_8)","decl":{"start":{"line":99,"column":12},"end":{"line":99,"column":13}},"loc":{"start":{"line":99,"column":18},"end":{"line":104,"column":3}},"line":99},"9":{"name":"(anonymous_9)","decl":{"start":{"line":101,"column":11},"end":{"line":101,"column":12}},"loc":{"start":{"line":101,"column":17},"end":{"line":103,"column":5}},"line":101},"10":{"name":"(anonymous_10)","decl":{"start":{"line":107,"column":43},"end":{"line":107,"column":44}},"loc":{"start":{"line":107,"column":49},"end":{"line":113,"column":3}},"line":107},"11":{"name":"(anonymous_11)","decl":{"start":{"line":110,"column":15},"end":{"line":110,"column":16}},"loc":{"start":{"line":110,"column":21},"end":{"line":112,"column":5}},"line":110},"12":{"name":"(anonymous_12)","decl":{"start":{"line":116,"column":43},"end":{"line":116,"column":44}},"loc":{"start":{"line":116,"column":70},"end":{"line":122,"column":3}},"line":116},"13":{"name":"(anonymous_13)","decl":{"start":{"line":119,"column":15},"end":{"line":119,"column":16}},"loc":{"start":{"line":119,"column":21},"end":{"line":121,"column":5}},"line":119},"14":{"name":"(anonymous_14)","decl":{"start":{"line":125,"column":44},"end":{"line":125,"column":45}},"loc":{"start":{"line":125,"column":50},"end":{"line":129,"column":3}},"line":125}},"branchMap":{"0":{"loc":{"start":{"line":77,"column":4},"end":{"line":95,"column":5}},"type":"if","locations":[{"start":{"line":77,"column":4},"end":{"line":95,"column":5}},{"start":{"line":79,"column":11},"end":{"line":95,"column":5}}],"line":77},"1":{"loc":{"start":{"line":77,"column":8},"end":{"line":77,"column":32}},"type":"binary-expr","locations":[{"start":{"line":77,"column":8},"end":{"line":77,"column":18}},{"start":{"line":77,"column":22},"end":{"line":77,"column":32}}],"line":77},"2":{"loc":{"start":{"line":79,"column":11},"end":{"line":95,"column":5}},"type":"if","locations":[{"start":{"line":79,"column":11},"end":{"line":95,"column":5}},{"start":{"line":81,"column":11},"end":{"line":95,"column":5}}],"line":79},"3":{"loc":{"start":{"line":81,"column":11},"end":{"line":95,"column":5}},"type":"if","locations":[{"start":{"line":81,"column":11},"end":{"line":95,"column":5}},{"start":{"line":83,"column":11},"end":{"line":95,"column":5}}],"line":81},"4":{"loc":{"start":{"line":83,"column":11},"end":{"line":95,"column":5}},"type":"if","locations":[{"start":{"line":83,"column":11},"end":{"line":95,"column":5}},{"start":{"line":85,"column":11},"end":{"line":95,"column":5}}],"line":83},"5":{"loc":{"start":{"line":85,"column":11},"end":{"line":95,"column":5}},"type":"if","locations":[{"start":{"line":85,"column":11},"end":{"line":95,"column":5}},{"start":{"line":87,"column":11},"end":{"line":95,"column":5}}],"line":85},"6":{"loc":{"start":{"line":87,"column":11},"end":{"line":95,"column":5}},"type":"if","locations":[{"start":{"line":87,"column":11},"end":{"line":95,"column":5}},{"start":{"line":89,"column":11},"end":{"line":95,"column":5}}],"line":87},"7":{"loc":{"start":{"line":89,"column":11},"end":{"line":95,"column":5}},"type":"if","locations":[{"start":{"line":89,"column":11},"end":{"line":95,"column":5}},{"start":{"line":91,"column":11},"end":{"line":95,"column":5}}],"line":89},"8":{"loc":{"start":{"line":89,"column":15},"end":{"line":89,"column":45}},"type":"binary-expr","locations":[{"start":{"line":89,"column":15},"end":{"line":89,"column":30}},{"start":{"line":89,"column":34},"end":{"line":89,"column":45}}],"line":89},"9":{"loc":{"start":{"line":91,"column":11},"end":{"line":95,"column":5}},"type":"if","locations":[{"start":{"line":91,"column":11},"end":{"line":95,"column":5}},{"start":{"line":93,"column":11},"end":{"line":95,"column":5}}],"line":91},"10":{"loc":{"start":{"line":91,"column":15},"end":{"line":91,"column":61}},"type":"binary-expr","locations":[{"start":{"line":91,"column":15},"end":{"line":91,"column":31}},{"start":{"line":91,"column":35},"end":{"line":91,"column":46}},{"start":{"line":91,"column":50},"end":{"line":91,"column":61}}],"line":91},"11":{"loc":{"start":{"line":93,"column":11},"end":{"line":95,"column":5}},"type":"if","locations":[{"start":{"line":93,"column":11},"end":{"line":95,"column":5}},{"start":{},"end":{}}],"line":93},"12":{"loc":{"start":{"line":126,"column":4},"end":{"line":128,"column":5}},"type":"if","locations":[{"start":{"line":126,"column":4},"end":{"line":128,"column":5}},{"start":{},"end":{}}],"line":126}},"s":{"0":0,"1":0,"2":0,"3":0,"4":0,"5":0,"6":0,"7":0,"8":0,"9":0,"10":0,"11":0,"12":0,"13":0,"14":0,"15":0,"16":0,"17":0,"18":0,"19":0,"20":0,"21":0,"22":0,"23":0,"24":0,"25":0,"26":0,"27":0,"28":0,"29":0,"30":0,"31":0,"32":0,"33":0,"34":0,"35":0,"36":0,"37":0,"38":0,"39":0,"40":0,"41":0,"42":0,"43":0,"44":0,"45":0,"46":0,"47":0,"48":0,"49":0,"50":0,"51":0},"f":{"0":0,"1":0,"2":0,"3":0,"4":0,"5":0,"6":0,"7":0,"8":0,"9":0,"10":0,"11":0,"12":0,"13":0,"14":0},"b":{"0":[0,0],"1":[0,0],"2":[0,0],"3":[0,0],"4":[0,0],"5":[0,0],"6":[0,0],"7":[0,0],"8":[0,0],"9":[0,0],"10":[0,0,0],"11":[0,0],"12":[0,0]}}
,"/home/omori-masato/電卓/frontend/src/hooks/useCalculator.ts": {"path":"/home/omori-masato/電卓/frontend/src/hooks/useCalculator.ts","statementMap":{"0":{"start":{"line":17,"column":28},"end":{"line":23,"column":4}},"1":{"start":{"line":25,"column":29},"end":{"line":25,"column":61}},"2":{"start":{"line":28,"column":2},"end":{"line":31,"column":9}},"3":{"start":{"line":29,"column":21},"end":{"line":29,"column":60}},"4":{"start":{"line":30,"column":4},"end":{"line":30,"column":61}},"5":{"start":{"line":30,"column":22},"end":{"line":30,"column":58}},"6":{"start":{"line":36,"column":24},"end":{"line":38,"column":8}},"7":{"start":{"line":37,"column":4},"end":{"line":37,"column":57}},"8":{"start":{"line":37,"column":22},"end":{"line":37,"column":54}},"9":{"start":{"line":43,"column":22},"end":{"line":74,"column":8}},"10":{"start":{"line":44,"column":4},"end":{"line":73,"column":7}},"11":{"start":{"line":47,"column":33},"end":{"line":47,"column":38}},"12":{"start":{"line":49,"column":6},"end":{"line":65,"column":7}},"13":{"start":{"line":51,"column":8},"end":{"line":51,"column":30}},"14":{"start":{"line":52,"column":8},"end":{"line":52,"column":28}},"15":{"start":{"line":53,"column":13},"end":{"line":65,"column":7}},"16":{"start":{"line":55,"column":8},"end":{"line":55,"column":30}},"17":{"start":{"line":56,"column":8},"end":{"line":56,"column":84}},"18":{"start":{"line":57,"column":13},"end":{"line":65,"column":7}},"19":{"start":{"line":59,"column":8},"end":{"line":59,"column":30}},"20":{"start":{"line":60,"column":8},"end":{"line":60,"column":28}},"21":{"start":{"line":63,"column":8},"end":{"line":63,"column":50}},"22":{"start":{"line":64,"column":8},"end":{"line":64,"column":53}},"23":{"start":{"line":67,"column":6},"end":{"line":72,"column":8}},"24":{"start":{"line":79,"column":24},"end":{"line":99,"column":8}},"25":{"start":{"line":80,"column":4},"end":{"line":98,"column":7}},"26":{"start":{"line":82,"column":30},"end":{"line":82,"column":88}},"27":{"start":{"line":84,"column":6},"end":{"line":90,"column":7}},"28":{"start":{"line":86,"column":8},"end":{"line":86,"column":67}},"29":{"start":{"line":89,"column":8},"end":{"line":89,"column":72}},"30":{"start":{"line":92,"column":6},"end":{"line":97,"column":8}},"31":{"start":{"line":104,"column":25},"end":{"line":140,"column":51}},"32":{"start":{"line":105,"column":4},"end":{"line":139,"column":5}},"33":{"start":{"line":106,"column":6},"end":{"line":108,"column":7}},"34":{"start":{"line":107,"column":8},"end":{"line":107,"column":15}},"35":{"start":{"line":110,"column":6},"end":{"line":112,"column":7}},"36":{"start":{"line":111,"column":8},"end":{"line":111,"column":36}},"37":{"start":{"line":114,"column":21},"end":{"line":114,"column":88}},"38":{"start":{"line":117,"column":6},"end":{"line":122,"column":9}},"39":{"start":{"line":124,"column":6},"end":{"line":130,"column":10}},"40":{"start":{"line":124,"column":24},"end":{"line":130,"column":7}},"41":{"start":{"line":133,"column":6},"end":{"line":138,"column":10}},"42":{"start":{"line":133,"column":24},"end":{"line":138,"column":7}},"43":{"start":{"line":145,"column":23},"end":{"line":183,"column":46}},"44":{"start":{"line":146,"column":4},"end":{"line":182,"column":5}},"45":{"start":{"line":147,"column":27},"end":{"line":147,"column":57}},"46":{"start":{"line":148,"column":6},"end":{"line":150,"column":7}},"47":{"start":{"line":149,"column":8},"end":{"line":149,"column":35}},"48":{"start":{"line":152,"column":21},"end":{"line":152,"column":81}},"49":{"start":{"line":155,"column":28},"end":{"line":157,"column":34}},"50":{"start":{"line":160,"column":6},"end":{"line":165,"column":9}},"51":{"start":{"line":167,"column":6},"end":{"line":173,"column":10}},"52":{"start":{"line":167,"column":24},"end":{"line":173,"column":7}},"53":{"start":{"line":176,"column":6},"end":{"line":181,"column":10}},"54":{"start":{"line":176,"column":24},"end":{"line":181,"column":7}},"55":{"start":{"line":188,"column":23},"end":{"line":195,"column":8}},"56":{"start":{"line":189,"column":4},"end":{"line":194,"column":8}},"57":{"start":{"line":189,"column":22},"end":{"line":194,"column":5}},"58":{"start":{"line":200,"column":25},"end":{"line":216,"column":8}},"59":{"start":{"line":201,"column":4},"end":{"line":215,"column":7}},"60":{"start":{"line":202,"column":6},"end":{"line":214,"column":7}},"61":{"start":{"line":203,"column":8},"end":{"line":207,"column":10}},"62":{"start":{"line":209,"column":8},"end":{"line":213,"column":10}},"63":{"start":{"line":221,"column":21},"end":{"line":237,"column":26}},"64":{"start":{"line":222,"column":4},"end":{"line":236,"column":5}},"65":{"start":{"line":223,"column":27},"end":{"line":223,"column":57}},"66":{"start":{"line":224,"column":6},"end":{"line":226,"column":7}},"67":{"start":{"line":225,"column":8},"end":{"line":225,"column":35}},"68":{"start":{"line":228,"column":6},"end":{"line":228,"column":58}},"69":{"start":{"line":231,"column":26},"end":{"line":231,"column":65}},"70":{"start":{"line":232,"column":6},"end":{"line":232,"column":66}},"71":{"start":{"line":232,"column":24},"end":{"line":232,"column":63}},"72":{"start":{"line":235,"column":6},"end":{"line":235,"column":43}},"73":{"start":{"line":242,"column":25},"end":{"line":252,"column":8}},"74":{"start":{"line":243,"column":18},"end":{"line":243,"column":59}},"75":{"start":{"line":244,"column":4},"end":{"line":251,"column":5}},"76":{"start":{"line":245,"column":6},"end":{"line":250,"column":10}},"77":{"start":{"line":245,"column":24},"end":{"line":250,"column":7}},"78":{"start":{"line":257,"column":27},"end":{"line":264,"column":8}},"79":{"start":{"line":258,"column":4},"end":{"line":263,"column":8}},"80":{"start":{"line":258,"column":22},"end":{"line":263,"column":5}},"81":{"start":{"line":266,"column":2},"end":{"line":280,"column":4}}},"fnMap":{"0":{"name":"useCalculator","decl":{"start":{"line":16,"column":16},"end":{"line":16,"column":29}},"loc":{"start":{"line":16,"column":32},"end":{"line":281,"column":1}},"line":16},"1":{"name":"(anonymous_1)","decl":{"start":{"line":28,"column":12},"end":{"line":28,"column":13}},"loc":{"start":{"line":28,"column":18},"end":{"line":31,"column":3}},"line":28},"2":{"name":"(anonymous_2)","decl":{"start":{"line":30,"column":13},"end":{"line":30,"column":14}},"loc":{"start":{"line":30,"column":22},"end":{"line":30,"column":58}},"line":30},"3":{"name":"(anonymous_3)","decl":{"start":{"line":36,"column":36},"end":{"line":36,"column":37}},"loc":{"start":{"line":36,"column":55},"end":{"line":38,"column":3}},"line":36},"4":{"name":"(anonymous_4)","decl":{"start":{"line":37,"column":13},"end":{"line":37,"column":14}},"loc":{"start":{"line":37,"column":22},"end":{"line":37,"column":54}},"line":37},"5":{"name":"(anonymous_5)","decl":{"start":{"line":43,"column":34},"end":{"line":43,"column":35}},"loc":{"start":{"line":43,"column":51},"end":{"line":74,"column":3}},"line":43},"6":{"name":"(anonymous_6)","decl":{"start":{"line":44,"column":13},"end":{"line":44,"column":14}},"loc":{"start":{"line":44,"column":21},"end":{"line":73,"column":5}},"line":44},"7":{"name":"(anonymous_7)","decl":{"start":{"line":79,"column":36},"end":{"line":79,"column":37}},"loc":{"start":{"line":79,"column":58},"end":{"line":99,"column":3}},"line":79},"8":{"name":"(anonymous_8)","decl":{"start":{"line":80,"column":13},"end":{"line":80,"column":14}},"loc":{"start":{"line":80,"column":21},"end":{"line":98,"column":5}},"line":80},"9":{"name":"(anonymous_9)","decl":{"start":{"line":104,"column":37},"end":{"line":104,"column":38}},"loc":{"start":{"line":104,"column":43},"end":{"line":140,"column":3}},"line":104},"10":{"name":"(anonymous_10)","decl":{"start":{"line":124,"column":15},"end":{"line":124,"column":16}},"loc":{"start":{"line":124,"column":24},"end":{"line":130,"column":7}},"line":124},"11":{"name":"(anonymous_11)","decl":{"start":{"line":133,"column":15},"end":{"line":133,"column":16}},"loc":{"start":{"line":133,"column":24},"end":{"line":138,"column":7}},"line":133},"12":{"name":"(anonymous_12)","decl":{"start":{"line":145,"column":35},"end":{"line":145,"column":36}},"loc":{"start":{"line":145,"column":62},"end":{"line":183,"column":3}},"line":145},"13":{"name":"(anonymous_13)","decl":{"start":{"line":167,"column":15},"end":{"line":167,"column":16}},"loc":{"start":{"line":167,"column":24},"end":{"line":173,"column":7}},"line":167},"14":{"name":"(anonymous_14)","decl":{"start":{"line":176,"column":15},"end":{"line":176,"column":16}},"loc":{"start":{"line":176,"column":24},"end":{"line":181,"column":7}},"line":176},"15":{"name":"(anonymous_15)","decl":{"start":{"line":188,"column":35},"end":{"line":188,"column":36}},"loc":{"start":{"line":188,"column":41},"end":{"line":195,"column":3}},"line":188},"16":{"name":"(anonymous_16)","decl":{"start":{"line":189,"column":13},"end":{"line":189,"column":14}},"loc":{"start":{"line":189,"column":22},"end":{"line":194,"column":5}},"line":189},"17":{"name":"(anonymous_17)","decl":{"start":{"line":200,"column":37},"end":{"line":200,"column":38}},"loc":{"start":{"line":200,"column":43},"end":{"line":216,"column":3}},"line":200},"18":{"name":"(anonymous_18)","decl":{"start":{"line":201,"column":13},"end":{"line":201,"column":14}},"loc":{"start":{"line":201,"column":21},"end":{"line":215,"column":5}},"line":201},"19":{"name":"(anonymous_19)","decl":{"start":{"line":221,"column":33},"end":{"line":221,"column":34}},"loc":{"start":{"line":221,"column":50},"end":{"line":237,"column":3}},"line":221},"20":{"name":"(anonymous_20)","decl":{"start":{"line":232,"column":15},"end":{"line":232,"column":16}},"loc":{"start":{"line":232,"column":24},"end":{"line":232,"column":63}},"line":232},"21":{"name":"(anonymous_21)","decl":{"start":{"line":242,"column":37},"end":{"line":242,"column":38}},"loc":{"start":{"line":242,"column":54},"end":{"line":252,"column":3}},"line":242},"22":{"name":"(anonymous_22)","decl":{"start":{"line":245,"column":15},"end":{"line":245,"column":16}},"loc":{"start":{"line":245,"column":24},"end":{"line":250,"column":7}},"line":245},"23":{"name":"(anonymous_23)","decl":{"start":{"line":257,"column":39},"end":{"line":257,"column":40}},"loc":{"start":{"line":257,"column":59},"end":{"line":264,"column":3}},"line":257},"24":{"name":"(anonymous_24)","decl":{"start":{"line":258,"column":13},"end":{"line":258,"column":14}},"loc":{"start":{"line":258,"column":22},"end":{"line":263,"column":5}},"line":258}},"branchMap":{"0":{"loc":{"start":{"line":49,"column":6},"end":{"line":65,"column":7}},"type":"if","locations":[{"start":{"line":49,"column":6},"end":{"line":65,"column":7}},{"start":{"line":53,"column":13},"end":{"line":65,"column":7}}],"line":49},"1":{"loc":{"start":{"line":53,"column":13},"end":{"line":65,"column":7}},"type":"if","locations":[{"start":{"line":53,"column":13},"end":{"line":65,"column":7}},{"start":{"line":57,"column":13},"end":{"line":65,"column":7}}],"line":53},"2":{"loc":{"start":{"line":53,"column":17},"end":{"line":53,"column":57}},"type":"binary-expr","locations":[{"start":{"line":53,"column":17},"end":{"line":53,"column":42}},{"start":{"line":53,"column":46},"end":{"line":53,"column":57}}],"line":53},"3":{"loc":{"start":{"line":56,"column":24},"end":{"line":56,"column":83}},"type":"cond-expr","locations":[{"start":{"line":56,"column":49},"end":{"line":56,"column":77}},{"start":{"line":56,"column":80},"end":{"line":56,"column":83}}],"line":56},"4":{"loc":{"start":{"line":57,"column":13},"end":{"line":65,"column":7}},"type":"if","locations":[{"start":{"line":57,"column":13},"end":{"line":65,"column":7}},{"start":{"line":61,"column":13},"end":{"line":65,"column":7}}],"line":57},"5":{"loc":{"start":{"line":82,"column":30},"end":{"line":82,"column":88}},"type":"cond-expr","locations":[{"start":{"line":82,"column":49},"end":{"line":82,"column":52}},{"start":{"line":82,"column":55},"end":{"line":82,"column":88}}],"line":82},"6":{"loc":{"start":{"line":82,"column":55},"end":{"line":82,"column":88}},"type":"cond-expr","locations":[{"start":{"line":82,"column":74},"end":{"line":82,"column":77}},{"start":{"line":82,"column":80},"end":{"line":82,"column":88}}],"line":82},"7":{"loc":{"start":{"line":84,"column":6},"end":{"line":90,"column":7}},"type":"if","locations":[{"start":{"line":84,"column":6},"end":{"line":90,"column":7}},{"start":{"line":87,"column":13},"end":{"line":90,"column":7}}],"line":84},"8":{"loc":{"start":{"line":106,"column":6},"end":{"line":108,"column":7}},"type":"if","locations":[{"start":{"line":106,"column":6},"end":{"line":108,"column":7}},{"start":{},"end":{}}],"line":106},"9":{"loc":{"start":{"line":110,"column":6},"end":{"line":112,"column":7}},"type":"if","locations":[{"start":{"line":110,"column":6},"end":{"line":112,"column":7}},{"start":{},"end":{}}],"line":110},"10":{"loc":{"start":{"line":148,"column":6},"end":{"line":150,"column":7}},"type":"if","locations":[{"start":{"line":148,"column":6},"end":{"line":150,"column":7}},{"start":{},"end":{}}],"line":148},"11":{"loc":{"start":{"line":148,"column":10},"end":{"line":148,"column":61}},"type":"binary-expr","locations":[{"start":{"line":148,"column":10},"end":{"line":148,"column":29}},{"start":{"line":148,"column":33},"end":{"line":148,"column":61}}],"line":148},"12":{"loc":{"start":{"line":155,"column":28},"end":{"line":157,"column":34}},"type":"cond-expr","locations":[{"start":{"line":156,"column":10},"end":{"line":156,"column":34}},{"start":{"line":157,"column":10},"end":{"line":157,"column":34}}],"line":155},"13":{"loc":{"start":{"line":202,"column":6},"end":{"line":214,"column":7}},"type":"if","locations":[{"start":{"line":202,"column":6},"end":{"line":214,"column":7}},{"start":{"line":208,"column":13},"end":{"line":214,"column":7}}],"line":202},"14":{"loc":{"start":{"line":202,"column":10},"end":{"line":202,"column":98}},"type":"binary-expr","locations":[{"start":{"line":202,"column":10},"end":{"line":202,"column":38}},{"start":{"line":202,"column":42},"end":{"line":202,"column":67}},{"start":{"line":202,"column":71},"end":{"line":202,"column":98}}],"line":202},"15":{"loc":{"start":{"line":224,"column":6},"end":{"line":226,"column":7}},"type":"if","locations":[{"start":{"line":224,"column":6},"end":{"line":226,"column":7}},{"start":{},"end":{}}],"line":224},"16":{"loc":{"start":{"line":224,"column":10},"end":{"line":224,"column":61}},"type":"binary-expr","locations":[{"start":{"line":224,"column":10},"end":{"line":224,"column":29}},{"start":{"line":224,"column":33},"end":{"line":224,"column":61}}],"line":224},"17":{"loc":{"start":{"line":244,"column":4},"end":{"line":251,"column":5}},"type":"if","locations":[{"start":{"line":244,"column":4},"end":{"line":251,"column":5}},{"start":{},"end":{}}],"line":244}},"s":{"0":0,"1":0,"2":0,"3":0,"4":0,"5":0,"6":0,"7":0,"8":0,"9":0,"10":0,"11":0,"12":0,"13":0,"14":0,"15":0,"16":0,"17":0,"18":0,"19":0,"20":0,"21":0,"22":0,"23":0,"24":0,"25":0,"26":0,"27":0,"28":0,"29":0,"30":0,"31":0,"32":0,"33":0,"34":0,"35":0,"36":0,"37":0,"38":0,"39":0,"40":0,"41":0,"42":0,"43":0,"44":0,"45":0,"46":0,"47":0,"48":0,"49":0,"50":0,"51":0,"52":0,"53":0,"54":0,"55":0,"56":0,"57":0,"58":0,"59":0,"60":0,"61":0,"62":0,"63":0,"64":0,"65":0,"66":0,"67":0,"68":0,"69":0,"70":0,"71":0,"72":0,"73":0,"74":0,"75":0,"76":0,"77":0,"78":0,"79":0,"80":0,"81":0},"f":{"0":0,"1":0,"2":0,"3":0,"4":0,"5":0,"6":0,"7":0,"8":0,"9":0,"10":0,"11":0,"12":0,"13":0,"14":0,"15":0,"16":0,"17":0,"18":0,"19":0,"20":0,"21":0,"22":0,"23":0,"24":0},"b":{"0":[0,0],"1":[0,0],"2":[0,0],"3":[0,0],"4":[0,0],"5":[0,0],"6":[0,0],"7":[0,0],"8":[0,0],"9":[0,0],"10":[0,0],"11":[0,0],"12":[0,0],"13":[0,0],"14":[0,0,0],"15":[0,0],"16":[0,0],"17":[0,0]}}
,"/home/omori-masato/電卓/frontend/src/hooks/useHistory.ts": {"path":"/home/omori-masato/電卓/frontend/src/hooks/useHistory.ts","statementMap":{"0":{"start":{"line":9,"column":32},"end":{"line":9,"column":66}},"1":{"start":{"line":10,"column":44},"end":{"line":10,"column":74}},"2":{"start":{"line":11,"column":48},"end":{"line":11,"column":82}},"3":{"start":{"line":14,"column":24},"end":{"line":21,"column":21}},"4":{"start":{"line":15,"column":23},"end":{"line":15,"column":50}},"5":{"start":{"line":16,"column":4},"end":{"line":16,"column":27}},"6":{"start":{"line":19,"column":21},"end":{"line":19,"column":69}},"7":{"start":{"line":20,"column":4},"end":{"line":20,"column":33}},"8":{"start":{"line":24,"column":2},"end":{"line":37,"column":22}},"9":{"start":{"line":26,"column":4},"end":{"line":26,"column":45}},"10":{"start":{"line":29,"column":4},"end":{"line":29,"column":20}},"11":{"start":{"line":32,"column":21},"end":{"line":34,"column":12}},"12":{"start":{"line":33,"column":6},"end":{"line":33,"column":22}},"13":{"start":{"line":36,"column":4},"end":{"line":36,"column":41}},"14":{"start":{"line":36,"column":17},"end":{"line":36,"column":40}},"15":{"start":{"line":40,"column":2},"end":{"line":43,"column":31}},"16":{"start":{"line":41,"column":21},"end":{"line":41,"column":69}},"17":{"start":{"line":42,"column":4},"end":{"line":42,"column":33}},"18":{"start":{"line":48,"column":23},"end":{"line":50,"column":8}},"19":{"start":{"line":49,"column":4},"end":{"line":49,"column":29}},"20":{"start":{"line":55,"column":26},"end":{"line":58,"column":21}},"21":{"start":{"line":56,"column":4},"end":{"line":56,"column":37}},"22":{"start":{"line":57,"column":4},"end":{"line":57,"column":20}},"23":{"start":{"line":63,"column":25},"end":{"line":65,"column":21}},"24":{"start":{"line":64,"column":4},"end":{"line":64,"column":20}},"25":{"start":{"line":67,"column":2},"end":{"line":75,"column":4}}},"fnMap":{"0":{"name":"useHistory","decl":{"start":{"line":8,"column":16},"end":{"line":8,"column":26}},"loc":{"start":{"line":8,"column":29},"end":{"line":76,"column":1}},"line":8},"1":{"name":"(anonymous_1)","decl":{"start":{"line":14,"column":36},"end":{"line":14,"column":37}},"loc":{"start":{"line":14,"column":42},"end":{"line":21,"column":3}},"line":14},"2":{"name":"(anonymous_2)","decl":{"start":{"line":24,"column":12},"end":{"line":24,"column":13}},"loc":{"start":{"line":24,"column":18},"end":{"line":37,"column":3}},"line":24},"3":{"name":"(anonymous_3)","decl":{"start":{"line":32,"column":33},"end":{"line":32,"column":34}},"loc":{"start":{"line":32,"column":39},"end":{"line":34,"column":5}},"line":32},"4":{"name":"(anonymous_4)","decl":{"start":{"line":36,"column":11},"end":{"line":36,"column":12}},"loc":{"start":{"line":36,"column":17},"end":{"line":36,"column":40}},"line":36},"5":{"name":"(anonymous_5)","decl":{"start":{"line":40,"column":12},"end":{"line":40,"column":13}},"loc":{"start":{"line":40,"column":18},"end":{"line":43,"column":3}},"line":40},"6":{"name":"(anonymous_6)","decl":{"start":{"line":48,"column":35},"end":{"line":48,"column":36}},"loc":{"start":{"line":48,"column":62},"end":{"line":50,"column":3}},"line":48},"7":{"name":"(anonymous_7)","decl":{"start":{"line":55,"column":38},"end":{"line":55,"column":39}},"loc":{"start":{"line":55,"column":44},"end":{"line":58,"column":3}},"line":55},"8":{"name":"(anonymous_8)","decl":{"start":{"line":63,"column":37},"end":{"line":63,"column":38}},"loc":{"start":{"line":63,"column":43},"end":{"line":65,"column":3}},"line":63}},"branchMap":{},"s":{"0":0,"1":0,"2":0,"3":0,"4":0,"5":0,"6":0,"7":0,"8":0,"9":0,"10":0,"11":0,"12":0,"13":0,"14":0,"15":0,"16":0,"17":0,"18":0,"19":0,"20":0,"21":0,"22":0,"23":0,"24":0,"25":0},"f":{"0":0,"1":0,"2":0,"3":0,"4":0,"5":0,"6":0,"7":0,"8":0},"b":{}}
,"/home/omori-masato/電卓/frontend/src/services/calculationService.ts": {"path":"/home/omori-masato/電卓/frontend/src/services/calculationService.ts","statementMap":{"0":{"start":{"line":20,"column":4},"end":{"line":22,"column":5}},"1":{"start":{"line":21,"column":6},"end":{"line":21,"column":61}},"2":{"start":{"line":23,"column":4},"end":{"line":23,"column":39}},"3":{"start":{"line":30,"column":4},"end":{"line":48,"column":5}},"4":{"start":{"line":32,"column":29},"end":{"line":35,"column":40}},"5":{"start":{"line":38,"column":21},"end":{"line":38,"column":75}},"6":{"start":{"line":40,"column":6},"end":{"line":42,"column":7}},"7":{"start":{"line":41,"column":8},"end":{"line":41,"column":54}},"8":{"start":{"line":45,"column":6},"end":{"line":45,"column":56}},"9":{"start":{"line":47,"column":6},"end":{"line":47,"column":34}},"10":{"start":{"line":55,"column":4},"end":{"line":57,"column":5}},"11":{"start":{"line":56,"column":6},"end":{"line":56,"column":33}},"12":{"start":{"line":61,"column":4},"end":{"line":70,"column":5}},"13":{"start":{"line":63,"column":8},"end":{"line":63,"column":53}},"14":{"start":{"line":64,"column":8},"end":{"line":64,"column":14}},"15":{"start":{"line":66,"column":8},"end":{"line":66,"column":55}},"16":{"start":{"line":67,"column":8},"end":{"line":67,"column":14}},"17":{"start":{"line":69,"column":8},"end":{"line":69,"column":39}},"18":{"start":{"line":72,"column":4},"end":{"line":74,"column":5}},"19":{"start":{"line":73,"column":6},"end":{"line":73,"column":40}},"20":{"start":{"line":76,"column":4},"end":{"line":76,"column":18}},"21":{"start":{"line":83,"column":4},"end":{"line":85,"column":5}},"22":{"start":{"line":84,"column":6},"end":{"line":84,"column":19}},"23":{"start":{"line":88,"column":25},"end":{"line":88,"column":46}},"24":{"start":{"line":89,"column":4},"end":{"line":91,"column":5}},"25":{"start":{"line":90,"column":6},"end":{"line":90,"column":19}},"26":{"start":{"line":94,"column":20},"end":{"line":94,"column":21}},"27":{"start":{"line":95,"column":4},"end":{"line":99,"column":5}},"28":{"start":{"line":96,"column":6},"end":{"line":96,"column":36}},"29":{"start":{"line":96,"column":24},"end":{"line":96,"column":36}},"30":{"start":{"line":97,"column":6},"end":{"line":97,"column":36}},"31":{"start":{"line":97,"column":24},"end":{"line":97,"column":36}},"32":{"start":{"line":98,"column":6},"end":{"line":98,"column":38}},"33":{"start":{"line":98,"column":25},"end":{"line":98,"column":38}},"34":{"start":{"line":101,"column":4},"end":{"line":101,"column":27}},"35":{"start":{"line":109,"column":40},"end":{"line":109,"column":59}},"36":{"start":{"line":110,"column":46},"end":{"line":110,"column":48}},"37":{"start":{"line":116,"column":4},"end":{"line":133,"column":5}},"38":{"start":{"line":117,"column":22},"end":{"line":117,"column":39}},"39":{"start":{"line":118,"column":49},"end":{"line":121,"column":7}},"40":{"start":{"line":123,"column":6},"end":{"line":123,"column":38}},"41":{"start":{"line":126,"column":6},"end":{"line":128,"column":7}},"42":{"start":{"line":127,"column":8},"end":{"line":127,"column":47}},"43":{"start":{"line":130,"column":6},"end":{"line":130,"column":70}},"44":{"start":{"line":132,"column":6},"end":{"line":132,"column":43}},"45":{"start":{"line":140,"column":4},"end":{"line":162,"column":5}},"46":{"start":{"line":141,"column":21},"end":{"line":141,"column":59}},"47":{"start":{"line":142,"column":6},"end":{"line":142,"column":29}},"48":{"start":{"line":142,"column":19},"end":{"line":142,"column":29}},"49":{"start":{"line":144,"column":22},"end":{"line":144,"column":40}},"50":{"start":{"line":147,"column":6},"end":{"line":158,"column":10}},"51":{"start":{"line":148,"column":29},"end":{"line":151,"column":9}},"52":{"start":{"line":153,"column":10},"end":{"line":157,"column":40}},"53":{"start":{"line":160,"column":6},"end":{"line":160,"column":43}},"54":{"start":{"line":161,"column":6},"end":{"line":161,"column":16}},"55":{"start":{"line":169,"column":23},"end":{"line":169,"column":40}},"56":{"start":{"line":171,"column":4},"end":{"line":173,"column":5}},"57":{"start":{"line":172,"column":6},"end":{"line":172,"column":24}},"58":{"start":{"line":175,"column":4},"end":{"line":177,"column":5}},"59":{"start":{"line":176,"column":6},"end":{"line":176,"column":61}},"60":{"start":{"line":176,"column":39},"end":{"line":176,"column":59}},"61":{"start":{"line":179,"column":4},"end":{"line":179,"column":22}},"62":{"start":{"line":186,"column":4},"end":{"line":190,"column":5}},"63":{"start":{"line":187,"column":6},"end":{"line":187,"column":48}},"64":{"start":{"line":189,"column":6},"end":{"line":189,"column":43}},"65":{"start":{"line":197,"column":28},"end":{"line":197,"column":45}},"66":{"start":{"line":198,"column":4},"end":{"line":209,"column":5}},"67":{"start":{"line":199,"column":62},"end":{"line":206,"column":7}},"68":{"start":{"line":208,"column":6},"end":{"line":208,"column":64}},"69":{"start":{"line":208,"column":36},"end":{"line":208,"column":62}},"70":{"start":{"line":217,"column":40},"end":{"line":217,"column":60}},"71":{"start":{"line":223,"column":4},"end":{"line":225,"column":5}},"72":{"start":{"line":224,"column":6},"end":{"line":224,"column":33}},"73":{"start":{"line":227,"column":4},"end":{"line":235,"column":5}},"74":{"start":{"line":228,"column":26},"end":{"line":228,"column":49}},"75":{"start":{"line":229,"column":6},"end":{"line":229,"column":41}},"76":{"start":{"line":232,"column":6},"end":{"line":232,"column":76}},"77":{"start":{"line":234,"column":6},"end":{"line":234,"column":54}},"78":{"start":{"line":242,"column":4},"end":{"line":248,"column":5}},"79":{"start":{"line":243,"column":26},"end":{"line":243,"column":49}},"80":{"start":{"line":244,"column":6},"end":{"line":244,"column":40}},"81":{"start":{"line":246,"column":6},"end":{"line":246,"column":55}},"82":{"start":{"line":247,"column":6},"end":{"line":247,"column":18}},"83":{"start":{"line":255,"column":4},"end":{"line":269,"column":5}},"84":{"start":{"line":256,"column":21},"end":{"line":256,"column":61}},"85":{"start":{"line":257,"column":6},"end":{"line":259,"column":7}},"86":{"start":{"line":258,"column":8},"end":{"line":258,"column":44}},"87":{"start":{"line":261,"column":21},"end":{"line":261,"column":39}},"88":{"start":{"line":262,"column":6},"end":{"line":265,"column":8}},"89":{"start":{"line":267,"column":6},"end":{"line":267,"column":49}},"90":{"start":{"line":268,"column":6},"end":{"line":268,"column":42}},"91":{"start":{"line":276,"column":4},"end":{"line":280,"column":5}},"92":{"start":{"line":277,"column":6},"end":{"line":277,"column":50}},"93":{"start":{"line":279,"column":6},"end":{"line":279,"column":47}}},"fnMap":{"0":{"name":"(anonymous_0)","decl":{"start":{"line":17,"column":2},"end":{"line":17,"column":3}},"loc":{"start":{"line":17,"column":24},"end":{"line":17,"column":26}},"line":17},"1":{"name":"(anonymous_1)","decl":{"start":{"line":19,"column":2},"end":{"line":19,"column":3}},"loc":{"start":{"line":19,"column":50},"end":{"line":24,"column":3}},"line":19},"2":{"name":"(anonymous_2)","decl":{"start":{"line":29,"column":2},"end":{"line":29,"column":3}},"loc":{"start":{"line":29,"column":61},"end":{"line":49,"column":3}},"line":29},"3":{"name":"(anonymous_3)","decl":{"start":{"line":54,"column":2},"end":{"line":54,"column":3}},"loc":{"start":{"line":54,"column":77},"end":{"line":77,"column":3}},"line":54},"4":{"name":"(anonymous_4)","decl":{"start":{"line":82,"column":2},"end":{"line":82,"column":3}},"loc":{"start":{"line":82,"column":57},"end":{"line":102,"column":3}},"line":82},"5":{"name":"(anonymous_5)","decl":{"start":{"line":115,"column":2},"end":{"line":115,"column":3}},"loc":{"start":{"line":115,"column":83},"end":{"line":134,"column":3}},"line":115},"6":{"name":"(anonymous_6)","decl":{"start":{"line":139,"column":2},"end":{"line":139,"column":3}},"loc":{"start":{"line":139,"column":51},"end":{"line":163,"column":3}},"line":139},"7":{"name":"(anonymous_7)","decl":{"start":{"line":148,"column":13},"end":{"line":148,"column":14}},"loc":{"start":{"line":148,"column":29},"end":{"line":151,"column":9}},"line":148},"8":{"name":"(anonymous_8)","decl":{"start":{"line":152,"column":16},"end":{"line":152,"column":17}},"loc":{"start":{"line":153,"column":10},"end":{"line":157,"column":40}},"line":153},"9":{"name":"(anonymous_9)","decl":{"start":{"line":168,"column":2},"end":{"line":168,"column":3}},"loc":{"start":{"line":168,"column":73},"end":{"line":180,"column":3}},"line":168},"10":{"name":"(anonymous_10)","decl":{"start":{"line":176,"column":31},"end":{"line":176,"column":32}},"loc":{"start":{"line":176,"column":39},"end":{"line":176,"column":59}},"line":176},"11":{"name":"(anonymous_11)","decl":{"start":{"line":185,"column":2},"end":{"line":185,"column":3}},"loc":{"start":{"line":185,"column":40},"end":{"line":191,"column":3}},"line":185},"12":{"name":"(anonymous_12)","decl":{"start":{"line":196,"column":2},"end":{"line":196,"column":3}},"loc":{"start":{"line":196,"column":48},"end":{"line":210,"column":3}},"line":196},"13":{"name":"(anonymous_13)","decl":{"start":{"line":208,"column":28},"end":{"line":208,"column":29}},"loc":{"start":{"line":208,"column":36},"end":{"line":208,"column":62}},"line":208},"14":{"name":"(anonymous_14)","decl":{"start":{"line":222,"column":2},"end":{"line":222,"column":3}},"loc":{"start":{"line":222,"column":61},"end":{"line":236,"column":3}},"line":222},"15":{"name":"(anonymous_15)","decl":{"start":{"line":241,"column":2},"end":{"line":241,"column":3}},"loc":{"start":{"line":241,"column":59},"end":{"line":249,"column":3}},"line":241},"16":{"name":"(anonymous_16)","decl":{"start":{"line":254,"column":2},"end":{"line":254,"column":3}},"loc":{"start":{"line":254,"column":50},"end":{"line":270,"column":3}},"line":254},"17":{"name":"(anonymous_17)","decl":{"start":{"line":275,"column":2},"end":{"line":275,"column":3}},"loc":{"start":{"line":275,"column":33},"end":{"line":281,"column":3}},"line":275}},"branchMap":{"0":{"loc":{"start":{"line":20,"column":4},"end":{"line":22,"column":5}},"type":"if","locations":[{"start":{"line":20,"column":4},"end":{"line":22,"column":5}},{"start":{},"end":{}}],"line":20},"1":{"loc":{"start":{"line":40,"column":6},"end":{"line":42,"column":7}},"type":"if","locations":[{"start":{"line":40,"column":6},"end":{"line":42,"column":7}},{"start":{},"end":{}}],"line":40},"2":{"loc":{"start":{"line":55,"column":4},"end":{"line":57,"column":5}},"type":"if","locations":[{"start":{"line":55,"column":4},"end":{"line":57,"column":5}},{"start":{},"end":{}}],"line":55},"3":{"loc":{"start":{"line":61,"column":4},"end":{"line":70,"column":5}},"type":"switch","locations":[{"start":{"line":62,"column":6},"end":{"line":64,"column":14}},{"start":{"line":65,"column":6},"end":{"line":67,"column":14}},{"start":{"line":68,"column":6},"end":{"line":69,"column":39}}],"line":61},"4":{"loc":{"start":{"line":72,"column":4},"end":{"line":74,"column":5}},"type":"if","locations":[{"start":{"line":72,"column":4},"end":{"line":74,"column":5}},{"start":{},"end":{}}],"line":72},"5":{"loc":{"start":{"line":83,"column":4},"end":{"line":85,"column":5}},"type":"if","locations":[{"start":{"line":83,"column":4},"end":{"line":85,"column":5}},{"start":{},"end":{}}],"line":83},"6":{"loc":{"start":{"line":83,"column":8},"end":{"line":83,"column":53}},"type":"binary-expr","locations":[{"start":{"line":83,"column":8},"end":{"line":83,"column":19}},{"start":{"line":83,"column":23},"end":{"line":83,"column":53}}],"line":83},"7":{"loc":{"start":{"line":89,"column":4},"end":{"line":91,"column":5}},"type":"if","locations":[{"start":{"line":89,"column":4},"end":{"line":91,"column":5}},{"start":{},"end":{}}],"line":89},"8":{"loc":{"start":{"line":96,"column":6},"end":{"line":96,"column":36}},"type":"if","locations":[{"start":{"line":96,"column":6},"end":{"line":96,"column":36}},{"start":{},"end":{}}],"line":96},"9":{"loc":{"start":{"line":97,"column":6},"end":{"line":97,"column":36}},"type":"if","locations":[{"start":{"line":97,"column":6},"end":{"line":97,"column":36}},{"start":{},"end":{}}],"line":97},"10":{"loc":{"start":{"line":98,"column":6},"end":{"line":98,"column":38}},"type":"if","locations":[{"start":{"line":98,"column":6},"end":{"line":98,"column":38}},{"start":{},"end":{}}],"line":98},"11":{"loc":{"start":{"line":126,"column":6},"end":{"line":128,"column":7}},"type":"if","locations":[{"start":{"line":126,"column":6},"end":{"line":128,"column":7}},{"start":{},"end":{}}],"line":126},"12":{"loc":{"start":{"line":142,"column":6},"end":{"line":142,"column":29}},"type":"if","locations":[{"start":{"line":142,"column":6},"end":{"line":142,"column":29}},{"start":{},"end":{}}],"line":142},"13":{"loc":{"start":{"line":153,"column":10},"end":{"line":157,"column":40}},"type":"binary-expr","locations":[{"start":{"line":153,"column":10},"end":{"line":153,"column":37}},{"start":{"line":154,"column":10},"end":{"line":154,"column":45}},{"start":{"line":155,"column":10},"end":{"line":155,"column":36}},{"start":{"line":156,"column":10},"end":{"line":156,"column":38}},{"start":{"line":157,"column":10},"end":{"line":157,"column":40}}],"line":153},"14":{"loc":{"start":{"line":171,"column":4},"end":{"line":173,"column":5}},"type":"if","locations":[{"start":{"line":171,"column":4},"end":{"line":173,"column":5}},{"start":{},"end":{}}],"line":171},"15":{"loc":{"start":{"line":175,"column":4},"end":{"line":177,"column":5}},"type":"if","locations":[{"start":{"line":175,"column":4},"end":{"line":177,"column":5}},{"start":{},"end":{}}],"line":175},"16":{"loc":{"start":{"line":198,"column":4},"end":{"line":209,"column":5}},"type":"if","locations":[{"start":{"line":198,"column":4},"end":{"line":209,"column":5}},{"start":{},"end":{}}],"line":198},"17":{"loc":{"start":{"line":223,"column":4},"end":{"line":225,"column":5}},"type":"if","locations":[{"start":{"line":223,"column":4},"end":{"line":225,"column":5}},{"start":{},"end":{}}],"line":223},"18":{"loc":{"start":{"line":257,"column":6},"end":{"line":259,"column":7}},"type":"if","locations":[{"start":{"line":257,"column":6},"end":{"line":259,"column":7}},{"start":{},"end":{}}],"line":257},"19":{"loc":{"start":{"line":263,"column":15},"end":{"line":263,"column":64}},"type":"cond-expr","locations":[{"start":{"line":263,"column":45},"end":{"line":263,"column":57}},{"start":{"line":263,"column":60},"end":{"line":263,"column":64}}],"line":263},"20":{"loc":{"start":{"line":264,"column":15},"end":{"line":264,"column":64}},"type":"cond-expr","locations":[{"start":{"line":264,"column":45},"end":{"line":264,"column":57}},{"start":{"line":264,"column":60},"end":{"line":264,"column":64}}],"line":264}},"s":{"0":0,"1":0,"2":0,"3":0,"4":0,"5":0,"6":0,"7":0,"8":0,"9":0,"10":0,"11":0,"12":0,"13":0,"14":0,"15":0,"16":0,"17":0,"18":0,"19":0,"20":0,"21":0,"22":0,"23":0,"24":0,"25":0,"26":0,"27":0,"28":0,"29":0,"30":0,"31":0,"32":0,"33":0,"34":0,"35":1,"36":1,"37":0,"38":0,"39":0,"40":0,"41":0,"42":0,"43":0,"44":0,"45":0,"46":0,"47":0,"48":0,"49":0,"50":0,"51":0,"52":0,"53":0,"54":0,"55":0,"56":0,"57":0,"58":0,"59":0,"60":0,"61":0,"62":0,"63":0,"64":0,"65":0,"66":0,"67":0,"68":0,"69":0,"70":1,"71":0,"72":0,"73":0,"74":0,"75":0,"76":0,"77":0,"78":0,"79":0,"80":0,"81":0,"82":0,"83":0,"84":0,"85":0,"86":0,"87":0,"88":0,"89":0,"90":0,"91":0,"92":0,"93":0},"f":{"0":0,"1":0,"2":0,"3":0,"4":0,"5":0,"6":0,"7":0,"8":0,"9":0,"10":0,"11":0,"12":0,"13":0,"14":0,"15":0,"16":0,"17":0},"b":{"0":[0,0],"1":[0,0],"2":[0,0],"3":[0,0,0],"4":[0,0],"5":[0,0],"6":[0,0],"7":[0,0],"8":[0,0],"9":[0,0],"10":[0,0],"11":[0,0],"12":[0,0],"13":[0,0,0,0,0],"14":[0,0],"15":[0,0],"16":[0,0],"17":[0,0],"18":[0,0],"19":[0,0],"20":[0,0]},"_coverageSchema":"1a1c01bbd47fc00a2c39e90264f33305004495a9","hash":"b761ffd30b92db26c4e1676bd926da4f17effe45"}
,"/home/omori-masato/電卓/frontend/src/types/index.ts": {"path":"/home/omori-masato/電卓/frontend/src/types/index.ts","statementMap":{"0":{"start":{"line":21,"column":25},"end":{"line":24,"column":10}},"1":{"start":{"line":225,"column":2},"end":{"line":225,"column":69}},"2":{"start":{"line":232,"column":2},"end":{"line":232,"column":76}},"3":{"start":{"line":239,"column":2},"end":{"line":239,"column":71}},"4":{"start":{"line":246,"column":2},"end":{"line":248,"column":3}},"5":{"start":{"line":247,"column":4},"end":{"line":247,"column":17}},"6":{"start":{"line":250,"column":14},"end":{"line":250,"column":46}},"7":{"start":{"line":252,"column":2},"end":{"line":258,"column":4}}},"fnMap":{"0":{"name":"isCalculationType","decl":{"start":{"line":224,"column":16},"end":{"line":224,"column":33}},"loc":{"start":{"line":224,"column":75},"end":{"line":226,"column":1}},"line":224},"1":{"name":"isHistoryFilter","decl":{"start":{"line":231,"column":16},"end":{"line":231,"column":31}},"loc":{"start":{"line":231,"column":71},"end":{"line":233,"column":1}},"line":231},"2":{"name":"isValidNumber","decl":{"start":{"line":238,"column":16},"end":{"line":238,"column":29}},"loc":{"start":{"line":238,"column":63},"end":{"line":240,"column":1}},"line":238},"3":{"name":"isCalculationHistory","decl":{"start":{"line":245,"column":16},"end":{"line":245,"column":36}},"loc":{"start":{"line":245,"column":82},"end":{"line":259,"column":1}},"line":245}},"branchMap":{"0":{"loc":{"start":{"line":239,"column":9},"end":{"line":239,"column":70}},"type":"binary-expr","locations":[{"start":{"line":239,"column":9},"end":{"line":239,"column":34}},{"start":{"line":239,"column":38},"end":{"line":239,"column":51}},{"start":{"line":239,"column":55},"end":{"line":239,"column":70}}],"line":239},"1":{"loc":{"start":{"line":246,"column":2},"end":{"line":248,"column":3}},"type":"if","locations":[{"start":{"line":246,"column":2},"end":{"line":248,"column":3}},{"start":{},"end":{}}],"line":246},"2":{"loc":{"start":{"line":246,"column":6},"end":{"line":246,"column":49}},"type":"binary-expr","locations":[{"start":{"line":246,"column":6},"end":{"line":246,"column":31}},{"start":{"line":246,"column":35},"end":{"line":246,"column":49}}],"line":246},"3":{"loc":{"start":{"line":253,"column":4},"end":{"line":257,"column":33}},"type":"binary-expr","locations":[{"start":{"line":253,"column":4},"end":{"line":253,"column":30}},{"start":{"line":254,"column":4},"end":{"line":254,"column":38}},{"start":{"line":255,"column":4},"end":{"line":255,"column":29}},{"start":{"line":256,"column":4},"end":{"line":256,"column":41}},{"start":{"line":257,"column":4},"end":{"line":257,"column":33}}],"line":253}},"s":{"0":1,"1":0,"2":0,"3":0,"4":0,"5":0,"6":0,"7":0},"f":{"0":0,"1":0,"2":0,"3":0},"b":{"0":[0,0,0],"1":[0,0],"2":[0,0],"3":[0,0,0,0,0]},"_coverageSchema":"1a1c01bbd47fc00a2c39e90264f33305004495a9","hash":"25fe3aeb150d4fed5eeea17f7aaca7b3fe9e4f58"}
,"/home/omori-masato/電卓/frontend/src/utils/dateUtils.ts": {"path":"/home/omori-masato/電卓/frontend/src/utils/dateUtils.ts","statementMap":{"0":{"start":{"line":9,"column":14},"end":{"line":9,"column":24}},"1":{"start":{"line":10,"column":15},"end":{"line":10,"column":50}},"2":{"start":{"line":12,"column":18},"end":{"line":12,"column":42}},"3":{"start":{"line":13,"column":16},"end":{"line":13,"column":42}},"4":{"start":{"line":14,"column":15},"end":{"line":14,"column":42}},"5":{"start":{"line":16,"column":2},"end":{"line":16,"column":33}},"6":{"start":{"line":16,"column":19},"end":{"line":16,"column":33}},"7":{"start":{"line":17,"column":2},"end":{"line":17,"column":42}},"8":{"start":{"line":17,"column":20},"end":{"line":17,"column":42}},"9":{"start":{"line":18,"column":2},"end":{"line":18,"column":39}},"10":{"start":{"line":18,"column":18},"end":{"line":18,"column":39}},"11":{"start":{"line":19,"column":2},"end":{"line":19,"column":21}},"12":{"start":{"line":26,"column":2},"end":{"line":33,"column":5}},"13":{"start":{"line":40,"column":2},"end":{"line":44,"column":5}}},"fnMap":{"0":{"name":"getRelativeTime","decl":{"start":{"line":8,"column":16},"end":{"line":8,"column":31}},"loc":{"start":{"line":8,"column":57},"end":{"line":20,"column":1}},"line":8},"1":{"name":"formatDateTime","decl":{"start":{"line":25,"column":16},"end":{"line":25,"column":30}},"loc":{"start":{"line":25,"column":51},"end":{"line":34,"column":1}},"line":25},"2":{"name":"formatDate","decl":{"start":{"line":39,"column":16},"end":{"line":39,"column":26}},"loc":{"start":{"line":39,"column":47},"end":{"line":45,"column":1}},"line":39}},"branchMap":{"0":{"loc":{"start":{"line":16,"column":2},"end":{"line":16,"column":33}},"type":"if","locations":[{"start":{"line":16,"column":2},"end":{"line":16,"column":33}},{"start":{},"end":{}}],"line":16},"1":{"loc":{"start":{"line":17,"column":2},"end":{"line":17,"column":42}},"type":"if","locations":[{"start":{"line":17,"column":2},"end":{"line":17,"column":42}},{"start":{},"end":{}}],"line":17},"2":{"loc":{"start":{"line":18,"column":2},"end":{"line":18,"column":39}},"type":"if","locations":[{"start":{"line":18,"column":2},"end":{"line":18,"column":39}},{"start":{},"end":{}}],"line":18}},"s":{"0":0,"1":0,"2":0,"3":0,"4":0,"5":0,"6":0,"7":0,"8":0,"9":0,"10":0,"11":0,"12":0,"13":0},"f":{"0":0,"1":0,"2":0},"b":{"0":[0,0],"1":[0,0],"2":[0,0]},"_coverageSchema":"1a1c01bbd47fc00a2c39e90264f33305004495a9","hash":"e68ebc513a76e7571d22fe412735105b8ce4196b"}
}
