TN:
SF:src/app.ts
FN:14,createApp
FN:59,(anonymous_2)
FN:69,(anonymous_3)
FNF:3
FNH:1
FNDA:1,createApp
FNDA:0,(anonymous_2)
FNDA:0,(anonymous_3)
DA:1,1
DA:2,1
DA:3,1
DA:4,1
DA:5,1
DA:6,1
DA:14,1
DA:15,1
DA:18,1
DA:36,1
DA:46,1
DA:52,1
DA:58,1
DA:59,0
DA:60,0
DA:61,0
DA:62,0
DA:64,0
DA:69,1
DA:70,0
DA:80,1
DA:83,1
DA:86,1
DA:88,1
DA:91,1
LF:25
LH:19
BRDA:37,0,0,0
BRDA:37,0,1,1
BRDA:58,1,0,0
BRDA:61,2,0,0
BRDA:61,3,0,0
BRDA:61,3,1,0
BRF:6
BRH:1
end_of_record
TN:
SF:src/server.ts
FN:18,gracefulShutdown
FN:22,(anonymous_1)
FN:28,(anonymous_2)
FN:35,(anonymous_3)
FN:50,(anonymous_4)
FN:70,(anonymous_5)
FN:71,(anonymous_6)
FN:74,(anonymous_7)
FN:79,(anonymous_8)
FNF:9
FNH:0
FNDA:0,gracefulShutdown
FNDA:0,(anonymous_1)
FNDA:0,(anonymous_2)
FNDA:0,(anonymous_3)
FNDA:0,(anonymous_4)
FNDA:0,(anonymous_5)
FNDA:0,(anonymous_6)
FNDA:0,(anonymous_7)
FNDA:0,(anonymous_8)
DA:1,0
DA:9,0
DA:10,0
DA:13,0
DA:19,0
DA:20,0
DA:22,0
DA:23,0
DA:24,0
DA:28,0
DA:29,0
DA:30,0
DA:35,0
DA:36,0
DA:37,0
DA:38,0
DA:39,0
DA:40,0
DA:41,0
DA:42,0
DA:43,0
DA:44,0
DA:45,0
DA:46,0
DA:50,0
DA:51,0
DA:52,0
DA:55,0
DA:57,0
DA:58,0
DA:59,0
DA:61,0
DA:62,0
DA:63,0
DA:65,0
DA:70,0
DA:71,0
DA:74,0
DA:75,0
DA:76,0
DA:79,0
DA:80,0
DA:81,0
DA:84,0
LF:44
LH:0
BRDA:9,0,0,0
BRDA:9,0,1,0
BRDA:10,1,0,0
BRDA:10,1,1,0
BRDA:38,2,0,0
BRDA:38,2,1,0
BRDA:51,3,0,0
BRDA:55,4,0,0
BRDA:55,4,1,0
BRDA:55,4,2,0
BRF:10
BRH:0
end_of_record
TN:
SF:src/middleware/validation.ts
FN:10,validateCalculationRequest
FN:123,errorHandler
FN:159,notFoundHandler
FNF:3
FNH:1
FNDA:82,validateCalculationRequest
FNDA:0,errorHandler
FNDA:0,notFoundHandler
DA:2,1
DA:10,1
DA:15,82
DA:16,82
DA:19,82
DA:20,0
DA:27,0
DA:28,0
DA:31,82
DA:34,82
DA:35,0
DA:46,0
DA:47,0
DA:50,82
DA:51,1
DA:58,1
DA:59,1
DA:63,81
DA:64,0
DA:75,0
DA:76,0
DA:79,81
DA:80,1
DA:91,1
DA:92,1
DA:96,80
DA:101,80
DA:105,0
DA:113,0
DA:123,1
DA:130,0
DA:133,0
DA:134,0
DA:135,0
DA:139,0
DA:151,0
DA:159,1
DA:160,0
DA:178,0
LF:39
LH:20
BRDA:19,0,0,0
BRDA:19,1,0,82
BRDA:19,1,1,82
BRDA:34,2,0,0
BRDA:50,3,0,1
BRDA:63,4,0,0
BRDA:79,5,0,1
BRDA:110,6,0,0
BRDA:110,6,1,0
BRDA:133,7,0,0
BRDA:144,8,0,0
BRDA:144,8,1,0
BRF:12
BRH:4
end_of_record
TN:
SF:src/routes/calculations.ts
FN:21,(anonymous_0)
FN:99,(anonymous_1)
FN:156,(anonymous_2)
FN:191,(anonymous_3)
FNF:4
FNH:4
FNDA:80,(anonymous_0)
FNDA:9,(anonymous_1)
FNDA:1,(anonymous_2)
FNDA:3,(anonymous_3)
DA:1,1
DA:2,1
DA:11,1
DA:12,1
DA:13,1
DA:15,1
DA:21,1
DA:22,80
DA:23,80
DA:28,80
DA:29,74
DA:30,6
DA:32,6
DA:33,6
DA:34,0
DA:40,6
DA:42,0
DA:50,77
DA:53,77
DA:58,77
DA:63,77
DA:67,3
DA:68,3
DA:79,3
DA:82,0
DA:90,0
DA:99,1
DA:100,9
DA:101,9
DA:105,9
DA:106,3
DA:107,1
DA:117,1
DA:118,1
DA:120,2
DA:124,8
DA:127,8
DA:131,8
DA:136,8
DA:140,0
DA:148,0
DA:156,1
DA:157,1
DA:159,1
DA:162,1
DA:166,1
DA:171,1
DA:175,0
DA:183,0
DA:191,1
DA:192,3
DA:193,3
DA:194,3
DA:196,3
DA:201,3
DA:206,3
DA:209,0
DA:217,0
DA:221,1
LF:59
LH:49
BRDA:28,0,0,74
BRDA:28,0,1,6
BRDA:30,1,0,6
BRDA:30,1,1,0
BRDA:30,2,0,6
BRDA:30,2,1,3
BRDA:33,3,0,0
BRDA:67,4,0,3
BRDA:67,4,1,0
BRDA:87,5,0,0
BRDA:87,5,1,0
BRDA:105,6,0,3
BRDA:106,7,0,1
BRDA:145,8,0,0
BRDA:145,8,1,0
BRDA:180,9,0,0
BRDA:180,9,1,0
BRDA:214,10,0,0
BRDA:214,10,1,0
BRF:19
BRH:8
end_of_record
TN:
SF:src/services/CalculationEngine.ts
FN:25,(anonymous_0)
FN:57,(anonymous_1)
FN:113,(anonymous_2)
FN:170,(anonymous_3)
FN:211,(anonymous_4)
FN:233,(anonymous_5)
FN:247,(anonymous_6)
FN:280,(anonymous_7)
FN:295,(anonymous_8)
FN:312,(anonymous_9)
FNF:10
FNH:9
FNDA:74,(anonymous_0)
FNDA:6,(anonymous_1)
FNDA:74,(anonymous_2)
FNDA:72,(anonymous_3)
FNDA:72,(anonymous_4)
FNDA:72,(anonymous_5)
FNDA:77,(anonymous_6)
FNDA:71,(anonymous_7)
FNDA:3,(anonymous_8)
FNDA:0,(anonymous_9)
DA:1,1
DA:12,1
DA:13,1
DA:14,1
DA:15,1
DA:26,74
DA:28,74
DA:31,72
DA:34,71
DA:36,71
DA:38,3
DA:39,3
DA:41,0
DA:58,6
DA:60,6
DA:61,0
DA:70,6
DA:73,3
DA:74,3
DA:78,3
DA:79,3
DA:82,0
DA:90,6
DA:93,6
DA:95,0
DA:96,0
DA:98,0
DA:114,74
DA:115,0
DA:123,74
DA:131,74
DA:132,362
DA:133,2
DA:142,72
DA:143,72
DA:144,0
DA:152,72
DA:153,0
DA:160,72
DA:172,72
DA:173,1
DA:182,71
DA:184,71
DA:186,71
DA:187,0
DA:194,71
DA:196,0
DA:213,72
DA:216,72
DA:219,72
DA:221,72
DA:235,72
DA:236,72
DA:248,77
DA:249,0
DA:256,77
DA:257,0
DA:264,77
DA:265,0
DA:282,71
DA:283,71
DA:291,1
DA:296,3
DA:297,3
DA:298,3
DA:299,3
DA:300,3
DA:304,3
DA:305,3
DA:313,0
LF:70
LH:55
BRDA:38,0,0,3
BRDA:60,1,0,0
BRDA:70,2,0,3
BRDA:70,2,1,3
BRDA:70,2,2,0
BRDA:95,3,0,0
BRDA:114,4,0,0
BRDA:114,5,0,74
BRDA:114,5,1,74
BRDA:132,6,0,2
BRDA:143,7,0,0
BRDA:152,8,0,0
BRDA:172,9,0,1
BRDA:186,10,0,0
BRDA:221,11,0,72
BRDA:221,11,1,72
BRDA:221,11,2,72
BRDA:248,12,0,0
BRDA:256,13,0,0
BRDA:264,14,0,0
BRDA:299,15,0,3
BRDA:304,16,0,3
BRDA:316,17,0,0
BRDA:316,17,1,0
BRF:24
BRH:12
end_of_record
TN:
SF:src/services/HistoryManager.ts
FN:25,(anonymous_0)
FN:70,(anonymous_1)
FN:82,(anonymous_2)
FN:90,(anonymous_3)
FN:101,(anonymous_4)
FN:111,(anonymous_5)
FN:116,(anonymous_6)
FN:124,(anonymous_7)
FN:144,(anonymous_8)
FN:161,(anonymous_9)
FNF:10
FNH:6
FNDA:77,(anonymous_0)
FNDA:8,(anonymous_1)
FNDA:6,(anonymous_2)
FNDA:10,(anonymous_3)
FNDA:3,(anonymous_4)
FNDA:0,(anonymous_5)
FNDA:0,(anonymous_6)
FNDA:3,(anonymous_7)
FNDA:0,(anonymous_8)
FNDA:0,(anonymous_9)
DA:1,1
DA:2,1
DA:13,1
DA:14,1
DA:15,1
DA:31,77
DA:32,0
DA:35,77
DA:36,0
DA:40,77
DA:49,77
DA:50,0
DA:54,77
DA:57,77
DA:58,42
DA:61,77
DA:72,8
DA:73,0
DA:77,8
DA:78,6
DA:82,6
DA:91,10
DA:92,10
DA:93,10
DA:102,3
DA:112,0
DA:113,0
DA:116,0
DA:125,3
DA:131,3
DA:132,20
DA:135,3
DA:146,0
DA:147,0
DA:148,0
DA:152,0
DA:162,0
LF:37
LH:25
BRDA:31,0,0,0
BRDA:31,1,0,77
BRDA:31,1,1,77
BRDA:35,2,0,0
BRDA:35,3,0,77
BRDA:35,3,1,77
BRDA:49,4,0,0
BRDA:57,5,0,42
BRDA:72,6,0,0
BRDA:72,7,0,8
BRDA:72,7,1,2
BRDA:77,8,0,6
BRDA:77,9,0,8
BRDA:77,9,1,2
BRDA:112,10,0,0
BRDA:112,11,0,0
BRDA:112,11,1,0
BRDA:147,12,0,0
BRF:18
BRH:10
end_of_record
TN:
SF:src/types/index.ts
FN:224,isCalculationType
FN:231,isHistoryFilter
FN:238,isValidNumber
FN:245,isCalculationHistory
FNF:4
FNH:4
FNDA:158,isCalculationType
FNDA:5,isHistoryFilter
FNDA:160,isValidNumber
FNDA:77,isCalculationHistory
DA:21,1
DA:224,1
DA:225,158
DA:231,1
DA:232,5
DA:238,1
DA:239,160
DA:245,1
DA:246,77
DA:247,0
DA:250,77
DA:252,77
LF:12
LH:11
BRDA:239,0,0,160
BRDA:239,0,1,160
BRDA:239,0,2,160
BRDA:246,1,0,0
BRDA:246,2,0,77
BRDA:246,2,1,77
BRDA:253,3,0,77
BRDA:253,3,1,77
BRDA:253,3,2,77
BRDA:253,3,3,77
BRDA:253,3,4,77
BRF:11
BRH:10
end_of_record
